Log file open, 03/09/18 23:06:59
LogWindows: Failed to load 'aqProf.dll' (GetLastError=126)
LogWindows: File 'aqProf.dll' does not exist
LogWindows: Failed to load 'VtuneApi.dll' (GetLastError=126)
LogWindows: File 'VtuneApi.dll' does not exist
LogWindows: Failed to load 'VtuneApi32e.dll' (GetLastError=126)
LogWindows: File 'VtuneApi32e.dll' does not exist
LogInit: Display: Running engine for game: VRProject
LogPlatformFile: Not using cached read wrapper
LogInit: Display: RandInit(-321780444) SRandInit(-321780444).
LogTaskGraph: Started task graph with 5 named threads and 14 total threads with 3 sets of task threads.
LogStats: Stats thread started at 0.157138
LogD3D11RHI: Aftermath initialized
LogPluginManager: Mounting plugin Paper2D
LogPluginManager: Mounting plugin LightPropagationVolume
LogPluginManager: Mounting plugin CodeLiteSourceCodeAccess
LogPluginManager: Mounting plugin GitSourceControl
LogPluginManager: Mounting plugin KDevelopSourceCodeAccess
LogPluginManager: Mounting plugin NullSourceCodeAccess
LogPluginManager: Mounting plugin PerforceSourceControl
LogPluginManager: Mounting plugin SubversionSourceControl
LogPluginManager: Mounting plugin UObjectPlugin
LogPluginManager: Mounting plugin VisualStudioSourceCodeAccess
LogPluginManager: Mounting plugin XCodeSourceCodeAccess
LogPluginManager: Mounting plugin AssetManagerEditor
LogPluginManager: Mounting plugin AudioCapture
LogPluginManager: Mounting plugin FacialAnimation
LogPluginManager: Mounting plugin GameplayTagsEditor
LogPluginManager: Mounting plugin MobileLauncherProfileWizard
LogPluginManager: Mounting plugin PluginBrowser
LogPluginManager: Mounting plugin SpeedTreeImporter
LogPluginManager: Mounting plugin AlembicImporter
LogPluginManager: Mounting plugin CharacterAI
LogPluginManager: Mounting plugin HTML5Networking
LogPluginManager: Mounting plugin AndroidMedia
LogPluginManager: Mounting plugin AvfMedia
LogPluginManager: Mounting plugin MediaPlayerEditor
LogPluginManager: Mounting plugin WmfMedia
LogPluginManager: Mounting plugin TcpMessaging
LogPluginManager: Mounting plugin UdpMessaging
LogPluginManager: Mounting plugin LevelSequenceEditor
LogPluginManager: Mounting plugin MatineeToLevelSequence
LogPluginManager: Mounting plugin OnlineSubsystemGooglePlay
LogPluginManager: Mounting plugin OnlineSubsystemIOS
LogPluginManager: Mounting plugin OnlineSubsystem
LogPluginManager: Mounting plugin OnlineSubsystemNull
LogPluginManager: Mounting plugin OnlineSubsystemUtils
LogPluginManager: Mounting plugin AndroidDeviceProfileSelector
LogPluginManager: Mounting plugin AndroidMoviePlayer
LogPluginManager: Mounting plugin AndroidPermission
LogPluginManager: Mounting plugin AppleMoviePlayer
LogPluginManager: Mounting plugin ArchVisCharacter
LogPluginManager: Mounting plugin CableComponent
LogPluginManager: Mounting plugin CustomMeshComponent
LogPluginManager: Mounting plugin ExampleDeviceProfileSelector
LogPluginManager: Mounting plugin GoogleCloudMessaging
LogPluginManager: Mounting plugin ImmediatePhysics
LogPluginManager: Mounting plugin IOSDeviceProfileSelector
LogPluginManager: Mounting plugin LinuxDeviceProfileSelector
LogPluginManager: Mounting plugin LocationServicesBPLibrary
LogPluginManager: Mounting plugin MobilePatchingUtils
LogPluginManager: Mounting plugin OculusVR
LogPluginManager: Mounting plugin PhysXVehicles
LogPluginManager: Mounting plugin ProceduralMeshComponent
LogPluginManager: Mounting plugin RuntimePhysXCooking
LogPluginManager: Mounting plugin SteamVR
LogPluginManager: Mounting plugin WindowsMoviePlayer
LogInit: Using libcurl 7.47.1
LogInit:  - built for x86_64-pc-win32
LogInit:  - supports SSL with OpenSSL/1.0.2g
LogInit:  - supports HTTP deflate (compression) using libz 1.2.8
LogInit:  - other features:
LogInit:      CURL_VERSION_SSL
LogInit:      CURL_VERSION_LIBZ
LogInit:      CURL_VERSION_IPV6
LogInit:      CURL_VERSION_ASYNCHDNS
LogInit:      CURL_VERSION_LARGEFILE
LogInit:      CURL_VERSION_IDN
LogInit:  CurlRequestOptions (configurable via config and command line):
LogInit:  - bVerifyPeer = false  - Libcurl will NOT verify peer certificate
LogInit:  - bUseHttpProxy = false  - Libcurl will NOT use HTTP proxy
LogInit:  - bDontReuseConnections = false  - Libcurl will reuse connections
LogInit:  - CertBundlePath = nullptr  - Libcurl will use whatever was configured at build time.
LogInit: Build: ++UE4+Release-4.17-CL-3658906
LogInit: Engine Version: 4.17.2-3658906+++UE4+Release-4.17
LogInit: Compatible Engine Version: 4.17.0-3573198+++UE4+Release-4.17
LogInit: Net CL: 3573198
LogDevObjectVersion: Number of dev versions registered: 16
LogDevObjectVersion:   Dev-Blueprints (B0D832E4-1F89-4F0D-ACCF-7EB736FD4AA2): 10
LogDevObjectVersion:   Dev-Build (E1C64328-A22C-4D53-A36C-8E866417BD8C): 0
LogDevObjectVersion:   Dev-Core (375EC13C-06E4-48FB-B500-84F0262A717E): 2
LogDevObjectVersion:   Dev-Editor (E4B068ED-F494-42E9-A231-DA0B2E46BB41): 20
LogDevObjectVersion:   Dev-Framework (CFFC743F-43B0-4480-9391-14DF171D2073): 28
LogDevObjectVersion:   Dev-Mobile (B02B49B5-BB20-44E9-A304-32B752E40360): 0
LogDevObjectVersion:   Dev-Networking (A4E4105C-59A1-49B5-A7C5-40C4547EDFEE): 0
LogDevObjectVersion:   Dev-Online (39C831C9-5AE6-47DC-9A44-9C173E1C8E7C): 0
LogDevObjectVersion:   Dev-Physics (78F01B33-EBEA-4F98-B9B4-84EACCB95AA2): 0
LogDevObjectVersion:   Dev-Platform (6631380F-2D4D-43E0-8009-CF276956A95A): 0
LogDevObjectVersion:   Dev-Rendering (12F88B9F-8875-4AFC-A67C-D90C383ABD29): 19
LogDevObjectVersion:   Dev-Sequencer (7B5AE74C-D270-4C10-A958-57980B212A5A): 4
LogDevObjectVersion:   Dev-VR (D7296918-1DD6-4BDD-9DE2-64A83CC13884): 0
LogDevObjectVersion:   Dev-LoadTimes (C2A15278-BFE7-4AFE-6C17-90FF531DF755): 1
LogDevObjectVersion:   Private-Geometry (6EACA3D4-40EC-4CC1-B786-8BED09428FC5): 1
LogDevObjectVersion:   Dev-AnimPhys (29E575DD-E0A3-4627-9D10-D276232CDCEA): 7
LogInit: Compiled (64-bit): Sep 22 2017 13:47:16
LogInit: Compiled with Visual C++: 19.00.24215.01
LogInit: Build Configuration: Development
LogInit: Branch Name: ++UE4+Release-4.17
LogInit: Command line:  
LogInit: Base directory: C:/Program Files/Epic Games/UE_4.17/Engine/Binaries/Win64/
LogInit: Installed Engine Build: 1
LogInit: Presizing for max 8388607 objects, including 0 objects not considered by GC, pre-allocating 0 bytes for permanent pool.
LogInit: Object subsystem initialized
[2018.03.09-22.06.59:808][  0]LogInit: Selected Device Profile: [Windows]
[2018.03.09-22.06.59:808][  0]LogInit: Applying CVar settings loaded from the selected device profile: [Windows]
[2018.03.09-22.06.59:817][  0]LogInit: Computer: PAWEL-PC
[2018.03.09-22.06.59:817][  0]LogInit: User: Pawel
[2018.03.09-22.06.59:817][  0]LogInit: CPU Page size=4096, Cores=4
[2018.03.09-22.06.59:817][  0]LogInit: High frequency timer resolution =2.648710 MHz
[2018.03.09-22.06.59:817][  0]LogMemory: Memory total: Physical=16.0GB (16GB approx)
[2018.03.09-22.06.59:817][  0]LogMemory: Platform Memory Stats for Windows
[2018.03.09-22.06.59:818][  0]LogMemory: Process Physical Memory: 279.79 MB used, 279.79 MB peak
[2018.03.09-22.06.59:818][  0]LogMemory: Process Virtual Memory: 288.50 MB used, 288.50 MB peak
[2018.03.09-22.06.59:818][  0]LogMemory: Physical Memory: 5080.56 MB used,  11266.52 MB free, 16347.08 MB total
[2018.03.09-22.06.59:818][  0]LogMemory: Virtual Memory: 668.61 MB used,  11266.52 MB free, 8388608.00 MB total
[2018.03.09-22.06.59:964][  0]LogInit: Using OS detected language (pl-PL).
[2018.03.09-22.06.59:964][  0]LogInit: Using OS detected locale (pl-PL).
[2018.03.09-22.06.59:966][  0]LogTextLocalizationManager: No localization for 'pl-PL' exists, so 'en' will be used for the language.
[2018.03.09-22.06.59:966][  0]LogTextLocalizationManager: No localization for 'pl-PL' exists, so 'en' will be used for the locale.
[2018.03.09-22.07.00:640][  0]LogD3D11RHI: D3D11 adapters:
[2018.03.09-22.07.00:659][  0]LogD3D11RHI:    0. 'NVIDIA GeForce GTX 750' (Feature Level 11_0)
[2018.03.09-22.07.00:659][  0]LogD3D11RHI:       1993/0/7917 MB DedicatedVideo/DedicatedSystem/SharedSystem, Outputs:1, VendorId:0x10de
[2018.03.09-22.07.00:659][  0]LogD3D11RHI: Chosen D3D11 Adapter: 0
[2018.03.09-22.07.00:664][  0]LogD3D11RHI: Creating new Direct3DDevice
[2018.03.09-22.07.00:664][  0]LogD3D11RHI:     GPU DeviceId: 0x1381 (for the marketing name, search the web for "GPU Device Id")
[2018.03.09-22.07.00:664][  0]LogWindows: EnumDisplayDevices:
[2018.03.09-22.07.00:664][  0]LogWindows:    0. 'NVIDIA GeForce GTX 750' (P:1 D:1)
[2018.03.09-22.07.00:664][  0]LogWindows:    1. 'NVIDIA GeForce GTX 750' (P:0 D:0)
[2018.03.09-22.07.00:664][  0]LogWindows:    2. 'NVIDIA GeForce GTX 750' (P:0 D:0)
[2018.03.09-22.07.00:664][  0]LogWindows:    3. 'NVIDIA GeForce GTX 750' (P:0 D:0)
[2018.03.09-22.07.00:664][  0]LogWindows:    4. 'RDPDD Chained DD' (P:0 D:0)
[2018.03.09-22.07.00:664][  0]LogWindows:    5. 'RDP Encoder Mirror Driver' (P:0 D:0)
[2018.03.09-22.07.00:665][  0]LogWindows:    6. 'RDP Reflector Display Driver' (P:0 D:0)
[2018.03.09-22.07.00:665][  0]LogWindows: DebugString: GetVideoDriverDetailsInvalid PrimaryIsNotTheChoosenAdapter GetVideoDriverDetailsInvalid PrimaryIsNotTheChoosenAdapter GetVideoDriverDetailsInvalid PrimaryIsNotTheChoosenAdapter FoundDriverCount:4 
[2018.03.09-22.07.00:665][  0]LogD3D11RHI:     Adapter Name: NVIDIA GeForce GTX 750
[2018.03.09-22.07.00:665][  0]LogD3D11RHI:   Driver Version: 388.13 (internal:23.21.13.8813, unified:388.13)
[2018.03.09-22.07.00:665][  0]LogD3D11RHI:      Driver Date: 10-27-2017
[2018.03.09-22.07.00:665][  0]LogRHI: Texture pool is 1361 MB (70% of 1945 MB)
[2018.03.09-22.07.00:672][  0]LogD3D11RHI: Async texture creation enabled
[2018.03.09-22.07.00:705][  0]LogD3D11RHI: GPU Timing Frequency: 1000.000000 (Debug: 2 2)
[2018.03.09-22.07.00:706][  0]LogShaderCompilers: Guid format shader working directory is -4 characters bigger than the processId version (../../../../../../Users/Pawel/Documents/GitHub/VR/Intermediate/Shaders/WorkingDirectory/11756/).
[2018.03.09-22.07.00:706][  0]LogShaderCompilers: Cleaned the shader compiler working directory 'C:/Users/Pawel/AppData/Local/Temp/UnrealShaderWorkingDir/AA55A4C046034FDC8E0D40B8A59CBAC8/'.
[2018.03.09-22.07.00:706][  0]LogShaderCompilers: Display: Using Local Shader Compiler.
[2018.03.09-22.07.01:576][  0]LogTemp: Display: Loaded TP AllDesktopTargetPlatform
[2018.03.09-22.07.01:618][  0]LogTemp: Display: Loaded TP MacClientTargetPlatform
[2018.03.09-22.07.01:660][  0]LogTemp: Display: Loaded TP MacNoEditorTargetPlatform
[2018.03.09-22.07.01:708][  0]LogTemp: Display: Loaded TP MacServerTargetPlatform
[2018.03.09-22.07.01:757][  0]LogTemp: Display: Loaded TP MacTargetPlatform
[2018.03.09-22.07.01:807][  0]LogTemp: Display: Loaded TP WindowsClientTargetPlatform
[2018.03.09-22.07.01:849][  0]LogTemp: Display: Loaded TP WindowsNoEditorTargetPlatform
[2018.03.09-22.07.01:891][  0]LogTemp: Display: Loaded TP WindowsServerTargetPlatform
[2018.03.09-22.07.01:926][  0]LogTemp: Display: Loaded TP WindowsTargetPlatform
[2018.03.09-22.07.01:970][  0]LogTemp: Display: Loaded TP AndroidTargetPlatform
[2018.03.09-22.07.02:014][  0]LogTemp: Display: Loaded TP Android_ASTCTargetPlatform
[2018.03.09-22.07.02:055][  0]LogTemp: Display: Loaded TP Android_ATCTargetPlatform
[2018.03.09-22.07.02:097][  0]LogTemp: Display: Loaded TP Android_DXTTargetPlatform
[2018.03.09-22.07.02:138][  0]LogTemp: Display: Loaded TP Android_ETC1TargetPlatform
[2018.03.09-22.07.02:179][  0]LogTemp: Display: Loaded TP Android_ETC2TargetPlatform
[2018.03.09-22.07.02:260][  0]LogTemp: Display: Loaded TP Android_MultiTargetPlatform
[2018.03.09-22.07.02:260][  0]LogTemp: Display: Loaded TP Android_PVRTCTargetPlatform
[2018.03.09-22.07.02:290][  0]LogTemp: Display: Loaded TP HTML5TargetPlatform
[2018.03.09-22.07.02:372][  0]LogTemp: Display: Loaded TP IOSTargetPlatform
[2018.03.09-22.07.02:395][  0]LogTemp: Display: Loaded TP TVOSTargetPlatform
[2018.03.09-22.07.02:435][  0]LogTemp: Display: Loaded TP LinuxClientTargetPlatform
[2018.03.09-22.07.02:476][  0]LogTemp: Display: Loaded TP LinuxNoEditorTargetPlatform
[2018.03.09-22.07.02:519][  0]LogTemp: Display: Loaded TP LinuxServerTargetPlatform
[2018.03.09-22.07.02:560][  0]LogTemp: Display: Loaded TP LinuxTargetPlatform
[2018.03.09-22.07.02:560][  0]LogTargetPlatformManager: Display: Building Assets For Windows
[2018.03.09-22.07.02:939][  0]LogDerivedDataCache: Display: Max Cache Size: 512 MB
[2018.03.09-22.07.03:037][  0]LogDerivedDataCache: Loaded boot cache 0.10s 106MB C:/Users/Pawel/AppData/Local/UnrealEngine/4.17/DerivedDataCache/Boot.ddc.
[2018.03.09-22.07.03:037][  0]LogDerivedDataCache: Display: Loaded Boot cache: C:/Users/Pawel/AppData/Local/UnrealEngine/4.17/DerivedDataCache/Boot.ddc
[2018.03.09-22.07.03:037][  0]LogDerivedDataCache: FDerivedDataBackendGraph:  Pak pak cache file ../../../../../../Users/Pawel/Documents/GitHub/VR/DerivedDataCache/DDC.ddp not found, will not use a pak cache.
[2018.03.09-22.07.03:037][  0]LogDerivedDataCache: Unable to find inner node Pak for hierarchical cache Hierarchy.
[2018.03.09-22.07.03:037][  0]LogDerivedDataCache: FDerivedDataBackendGraph:  CompressedPak pak cache file ../../../../../../Users/Pawel/Documents/GitHub/VR/DerivedDataCache/Compressed.ddp not found, will not use a pak cache.
[2018.03.09-22.07.03:037][  0]LogDerivedDataCache: Unable to find inner node CompressedPak for hierarchical cache Hierarchy.
[2018.03.09-22.07.03:056][  0]LogDerivedDataCache: Display: Pak cache opened for reading ../../../Engine/DerivedDataCache/Compressed.ddp.
[2018.03.09-22.07.03:068][  0]LogDerivedDataCache: Using Local data cache path C:/Users/Pawel/AppData/Local/UnrealEngine/Common/DerivedDataCache: Writable
[2018.03.09-22.07.03:077][  0]LogMaterial: Verifying Global Shaders for PCD3D_SM5
[2018.03.09-22.07.03:078][  0]LogSlate: Using Freetype 2.6.0
[2018.03.09-22.07.03:078][  0]LogSlate: SlateFontCache - WITH_FREETYPE: 1, WITH_HARFBUZZ: 1
[2018.03.09-22.07.03:078][  0]LogSlate: SlateFontCache - WITH_FREETYPE: 1, WITH_HARFBUZZ: 1
[2018.03.09-22.07.03:326][  0]LogAssetRegistry: FAssetRegistry took 0.0245 seconds to start up
[2018.03.09-22.07.03:489][  0]LogInit: Selected Device Profile: [Windows]
[2018.03.09-22.07.03:492][  0]LogContentStreaming: Texture pool size is 0.00 MB
[2018.03.09-22.07.03:829][  0]LogSimplygon: Simplygon DLL not present - disabling.
[2018.03.09-22.07.03:861][  0]LogMeshReduction: Using SimplygonSwarm for distributed automatic mesh merging
[2018.03.09-22.07.03:861][  0]LogMeshReduction: Using QuadricMeshReduction for automatic static mesh reduction
[2018.03.09-22.07.03:861][  0]LogMeshReduction: No automatic skeletal mesh reduction module available
[2018.03.09-22.07.03:861][  0]LogMeshReduction: No automatic mesh merging module available
[2018.03.09-22.07.03:861][  0]LogMeshMerging: No automatic mesh merging module available
[2018.03.09-22.07.04:214][  0]LogNetVersion: VRProject , NetCL: 3573198, EngineNetVer: 2, GameNetVer: 0 (Checksum: 2701897489)
[2018.03.09-22.07.04:390][  0]LogPackageLocalizationCache: Processed 5 localized package path(s) for 1 prioritized culture(s) in 0.022278 seconds
[2018.03.09-22.07.04:396][  0]LogUObjectArray: 35825 objects as part of root set at end of initial load.
[2018.03.09-22.07.04:396][  0]LogUObjectAllocator: 7529112 out of 0 bytes used by permanent object pool.
[2018.03.09-22.07.04:396][  0]LogUObjectArray: CloseDisregardForGC: 0/0 objects in disregard for GC pool
[2018.03.09-22.07.04:439][  0]LogInit: WinSock: version 1.1 (2.2), MaxSocks=32767, MaxUdp=65467
[2018.03.09-22.07.06:602][  0]LogTcpMessaging: Initializing TcpMessaging bridge
[2018.03.09-22.07.06:632][  0]LogUdpMessaging: Initializing bridge on interface 0.0.0.0:0 to multicast group 230.0.0.1:6666.
[2018.03.09-22.07.07:121][  0]LogMaterial: Uniform references updated for custom material expression Custom.
[2018.03.09-22.07.07:453][  0]SourceControl: Source control is disabled
[2018.03.09-22.07.07:454][  0]SourceControl: Source control is disabled
[2018.03.09-22.07.07:489][  0]SourceControl: Source control is disabled
[2018.03.09-22.07.07:523][  0]SourceControl: Source control is disabled
[2018.03.09-22.07.07:968][  0]LogAndroidPermission: UAndroidPermissionCallbackProxy::GetInstance
[2018.03.09-22.07.08:141][  0]LogOcInput: OculusInput pre-init called
[2018.03.09-22.07.08:355][  0]LogEngine: Initializing Engine...
[2018.03.09-22.07.08:357][  0]LogHMD: Failed to initialize OpenVR with code 110
[2018.03.09-22.07.08:602][  0]LogStats: UGameplayTagsManager::ConstructGameplayTagTree: Construct from data asset -  0.000 s
[2018.03.09-22.07.08:602][  0]LogStats: UGameplayTagsManager::ConstructGameplayTagTree: GameplayTagTreeChangedEvent.Broadcast -  0.000 s
[2018.03.09-22.07.08:699][  0]LogAIModule: Creating AISystem for world Untitled
[2018.03.09-22.07.08:721][  0]LogInit: XAudio2 using 'Speakers (Realtek High Definition Audio)' : 6 channels at 48 kHz using 32 bits per sample (channel mask 0x3f)
[2018.03.09-22.07.08:733][  0]LogInit: FAudioDevice initialized.
[2018.03.09-22.07.09:049][  0]LogDerivedDataCache: Saved boot cache 0.32s 93MB C:/Users/Pawel/AppData/Local/UnrealEngine/4.17/DerivedDataCache/Boot.ddc.
[2018.03.09-22.07.09:057][  0]LogInit: Texture streaming: Enabled
[2018.03.09-22.07.09:138][  0]LogEngineSessionManager: EngineSessionManager initialized
[2018.03.09-22.07.09:304][  0]LogInit: Transaction tracking system initialized
[2018.03.09-22.07.09:542][  0]BlueprintLog: New page: Editor Load
[2018.03.09-22.07.10:228][  0]LocalizationService: Localization service is disabled
[2018.03.09-22.07.10:747][  0]LogConsoleResponse: Display: 
[2018.03.09-22.07.10:913][  0]LogCook: Display: Max memory allowance for cook 16384mb min free memory 0mb
[2018.03.09-22.07.10:913][  0]LogCook: Display: Mobile HDR setting 1
[2018.03.09-22.07.10:913][  0]LogGameplayTags: Display: UGameplayTagsManager::DoneAddingNativeTags. DelegateIsBound: 0
[2018.03.09-22.07.11:647][  0]LogFileCache: Scanning file cache for directory 'C:/Users/Pawel/Documents/GitHub/VR/Content/' took 0.01s
[2018.03.09-22.07.11:682][  0]SourceControl: Source control is disabled
[2018.03.09-22.07.11:682][  0]Cmd: MAP LOAD FILE="../../../../../../Users/Pawel/Documents/GitHub/VR/Content/VRProject.umap" TEMPLATE=0 SHOWPROGRESS=1 FEATURELEVEL=3
[2018.03.09-22.07.11:683][  0]LightingResults: New page: Lighting Build
[2018.03.09-22.07.11:714][  0]MapCheck: New page: Map Check
[2018.03.09-22.07.11:714][  0]LightingResults: New page: Lighting Build
[2018.03.09-22.07.12:833][  0]LogAIModule: Creating AISystem for world VRProject
[2018.03.09-22.07.12:911][  0]LogEditorServer: Finished looking for orphan Actors (0.000 secs)
[2018.03.09-22.07.12:930][  0]Cmd: MAP CHECKDEP NOCLEARLOG
[2018.03.09-22.07.12:974][  0]MapCheck: Map check complete: 0 Error(s), 0 Warning(s), took 44.285ms to complete.
[2018.03.09-22.07.12:974][  0]LogFileHelpers: Loading map 'VRProject' took 1.292
[2018.03.09-22.07.13:106][  0]LogCollectionManager: Loaded 0 collections in 0.001528 seconds
[2018.03.09-22.07.13:176][  0]LogFileCache: Scanning file cache for directory 'C:/Users/Pawel/Documents/GitHub/VR/Saved/Collections/' took 0.01s
[2018.03.09-22.07.13:176][  0]LogFileCache: Scanning file cache for directory 'C:/Users/Pawel/Documents/GitHub/VR/Content/Developers/Pawel/Collections/' took 0.01s
[2018.03.09-22.07.13:176][  0]LogFileCache: Scanning file cache for directory 'C:/Users/Pawel/Documents/GitHub/VR/Content/Collections/' took 0.01s
[2018.03.09-22.07.13:176][  0]LogCollectionManager: Rebuilt the GUID cache for 0 collections in 0.000001 seconds
[2018.03.09-22.07.13:184][  0]LogContentBrowser: Native class hierarchy populated in 0.0082 seconds. Added 2386 classes and 500 folders.
[2018.03.09-22.07.13:235][  0]LogContentBrowser: Native class hierarchy updated for 'WidgetCarousel' in 0.0006 seconds. Added 0 classes and 0 folders.
[2018.03.09-22.07.13:266][  0]LogContentBrowser: Native class hierarchy updated for 'AddContentDialog' in 0.0007 seconds. Added 0 classes and 0 folders.
[2018.03.09-22.07.13:299][  0]LogContentBrowser: Native class hierarchy updated for 'SceneOutliner' in 0.0006 seconds. Added 1 classes and 2 folders.
[2018.03.09-22.07.13:321][  0]LogSlate: Took 0.000113 seconds to synchronously load lazily loaded font '../../../Engine/Content/Slate/Fonts/Roboto-Regular.ttf' (155K)
[2018.03.09-22.07.13:323][  0]LogSlate: Took 0.000184 seconds to synchronously load lazily loaded font '../../../Engine/Content/Slate/Fonts/Roboto-Bold.ttf' (160K)
[2018.03.09-22.07.13:329][  0]LogSlate: Took 0.000123 seconds to synchronously load lazily loaded font '../../../Engine/Content/Editor/Slate/Fonts/FontAwesome.ttf' (139K)
[2018.03.09-22.07.13:530][  0]LogRenderer: Reallocating scene render targets to support 1056x556 Format 26 NumSamples 1 (Frame:1).
[2018.03.09-22.07.13:591][  0]LogSlate: Took 0.000102 seconds to synchronously load lazily loaded font '../../../Engine/Content/Slate/Fonts/Roboto-Light.ttf' (159K)
[2018.03.09-22.07.13:713][  0]LogContentBrowser: Native class hierarchy updated for 'HierarchicalLODOutliner' in 0.0006 seconds. Added 1 classes and 2 folders.
[2018.03.09-22.07.13:713][  0]LogLoad: (Engine Initialization) Total time: 15.21 seconds
[2018.03.09-22.07.13:713][  0]LogLoad: (Engine Initialization) Total Blueprint compile time: 0.00 seconds
[2018.03.09-22.07.13:714][  0]LogExternalProfiler: Found external profiler: VSPerf
[2018.03.09-22.07.13:714][  0]LogExternalProfiler: Using external profiler: VSPerf
[2018.03.09-22.07.14:073][  0]LogContentStreaming: Texture pool size now 1000 MB
[2018.03.09-22.07.14:393][  1]LogAssetRegistry: Asset discovery search completed in 11.0865 seconds
[2018.03.09-22.07.14:396][  1]LogCollectionManager: Rebuilt the object cache for 0 collections in 0.000000 seconds (found 0 objects)
[2018.03.09-22.07.14:396][  1]LogCollectionManager: Fixed up redirectors for 0 collections in 0.000104 seconds (updated 0 objects)
[2018.03.09-22.07.15:056][  3]LogSlate: Took 0.000157 seconds to synchronously load lazily loaded font '../../../Engine/Content/Slate/Fonts/Roboto-Light.ttf' (159K)
[2018.03.09-22.08.03:427][877]LogEditorViewport: Clicking on Actor (LMB): SlideDoor_C (SlideDoor)
[2018.03.09-22.08.16:499][724]LogSlate: Took 0.000101 seconds to synchronously load lazily loaded font '../../../Engine/Content/Slate/Fonts/Roboto-Light.ttf' (159K)
[2018.03.09-22.08.16:838][724]LogContentBrowser: Native class hierarchy updated for 'BlueprintGraph' in 0.0010 seconds. Added 113 classes and 0 folders.
[2018.03.09-22.08.17:504][724]LogSlate: Took 0.000091 seconds to synchronously load lazily loaded font '../../../Engine/Content/Slate/Fonts/Roboto-Regular.ttf' (155K)
[2018.03.09-22.08.17:573][724]LogSlate: Took 0.000133 seconds to synchronously load lazily loaded font '../../../Engine/Content/Editor/Slate/Fonts/Roboto-BoldCondensed.ttf' (158K)
[2018.03.09-22.08.17:664][725]LogSlate: Took 0.000136 seconds to synchronously load lazily loaded font '../../../Engine/Content/Editor/Slate/Fonts/Roboto-Italic.ttf' (157K)
[2018.03.09-22.08.32:473][929]BlueprintLog: New page: Compile SlideDoor
[2018.03.09-22.08.33:205][954]Cmd: OBJ SAVEPACKAGE PACKAGE="/Game/MojeBlueprinty/SlideDoor" FILE="../../../../../../Users/Pawel/Documents/GitHub/VR/Content/MojeBlueprinty/SlideDoor.uasset" SILENT=true
[2018.03.09-22.08.33:320][954]LogSavePackage: Save=46.85ms
[2018.03.09-22.08.33:321][954]LogSavePackage: Moving '../../../../../../Users/Pawel/Documents/GitHub/VR/Saved/SlideDoorA50980074EC5E2BD5910BBAC8F58F534.tmp' to '../../../../../../Users/Pawel/Documents/GitHub/VR/Content/MojeBlueprinty/SlideDoor.uasset'
[2018.03.09-22.08.33:325][954]LogSavePackage: Display: Finished SavePackage ../../../../../../Users/Pawel/Documents/GitHub/VR/Content/MojeBlueprinty/SlideDoor.uasset
[2018.03.09-22.08.38:052][497]LogTemp: Repeating last play command: Selected Viewport
[2018.03.09-22.08.38:105][497]LogBlueprintUserMessages: Early PlayInEditor Detection: Level '/Game/VRProject.VRProject:PersistentLevel' has LevelScriptBlueprint '/Game/VRProject.VRProject:PersistentLevel.VRProject' with GeneratedClass '/Game/VRProject.VRProject_C' with ClassGeneratedBy '/Game/VRProject.VRProject:PersistentLevel.VRProject'
[2018.03.09-22.08.38:105][497]LogPlayLevel: PlayLevel: No blueprints needed recompiling
[2018.03.09-22.08.38:105][497]PIE: New page: PIE session: VRProject (Mar 10, 2018, 12:08:38 AM)
[2018.03.09-22.08.38:105][497]LogPlayLevel: Creating play world package: /Game/UEDPIE_0_VRProject
[2018.03.09-22.08.38:128][497]LogPlayLevel: PIE: StaticDuplicateObject took: (0.022573s)
[2018.03.09-22.08.38:128][497]LogAIModule: Creating AISystem for world VRProject
[2018.03.09-22.08.38:128][497]LogPlayLevel: PIE: World Init took: (0.000598s)
[2018.03.09-22.08.38:129][497]LogPlayLevel: PIE: Created PIE world by copying editor world from /Game/VRProject.VRProject to /Game/UEDPIE_0_VRProject.VRProject (0.023803s)
[2018.03.09-22.08.38:153][497]LogInit: XAudio2 using 'Speakers (Realtek High Definition Audio)' : 6 channels at 48 kHz using 32 bits per sample (channel mask 0x3f)
[2018.03.09-22.08.38:162][497]LogInit: FAudioDevice initialized.
[2018.03.09-22.08.38:215][497]LogLoad: Game class is 'FirstPersonGameMode_C'
[2018.03.09-22.08.38:228][497]LogWorld: Bringing World /Game/UEDPIE_0_VRProject.VRProject up for play (max tick rate 0) at 2018.03.09-23.08.38
[2018.03.09-22.08.38:229][497]LogWorld: Bringing up level for play took: 0.012001
[2018.03.09-22.08.38:262][497]LogContentBrowser: Native class hierarchy updated for 'MovieSceneCapture' in 0.0006 seconds. Added 11 classes and 0 folders.
[2018.03.09-22.08.38:264][497]PIE: Play in editor start time for /Game/UEDPIE_0_VRProject 0.45
[2018.03.09-22.08.38:264][497]LogBlueprintUserMessages: Late PlayInEditor Detection: Level '/Game/VRProject.VRProject:PersistentLevel' has LevelScriptBlueprint '/Game/VRProject.VRProject:PersistentLevel.VRProject' with GeneratedClass '/Game/VRProject.VRProject_C' with ClassGeneratedBy '/Game/VRProject.VRProject:PersistentLevel.VRProject'
[2018.03.09-22.08.39:383][627]LogBlueprintUserMessages: Early EndPlayMap Detection: Level '/Game/VRProject.VRProject:PersistentLevel' has LevelScriptBlueprint '/Game/VRProject.VRProject:PersistentLevel.VRProject' with GeneratedClass '/Game/VRProject.VRProject_C' with ClassGeneratedBy '/Game/VRProject.VRProject:PersistentLevel.VRProject'
[2018.03.09-22.08.39:434][627]LogBlueprintUserMessages: Late EndPlayMap Detection: Level '/Game/VRProject.VRProject:PersistentLevel' has LevelScriptBlueprint '/Game/VRProject.VRProject:PersistentLevel.VRProject' with GeneratedClass '/Game/VRProject.VRProject_C' with ClassGeneratedBy '/Game/VRProject.VRProject:PersistentLevel.VRProject'
[2018.03.09-22.08.41:277][814]LogEditorViewport: Clicking on Actor (LMB): PlayerStart (PlayerStart)
[2018.03.09-22.08.42:743][960]LogNavigationPoint: PostEditMove Clear paths rebuilt
[2018.03.09-22.08.45:336][196]LogNavigationPoint: PostEditMove Clear paths rebuilt
[2018.03.09-22.08.46:561][339]LogNavigationPoint: PostEditMove Clear paths rebuilt
[2018.03.09-22.08.48:904][537]LogNavigationPoint: PostEditMove Clear paths rebuilt
[2018.03.09-22.08.51:180][686]LogNavigationPoint: PostEditMove Clear paths rebuilt
[2018.03.09-22.08.52:821][807]LogNavigationPoint: PostEditMove Clear paths rebuilt
[2018.03.09-22.08.55:391][ 44]LogNavigationPoint: PostEditMove Clear paths rebuilt
[2018.03.09-22.08.57:747][276]LogNavigationPoint: PostEditMove Clear paths rebuilt
[2018.03.09-22.09.02:545][723]LogNavigationPoint: PostEditMove Clear paths rebuilt
[2018.03.09-22.09.41:881][ 49]LogTemp: Repeating last play command: Selected Viewport
[2018.03.09-22.09.41:902][ 49]LogBlueprintUserMessages: Early PlayInEditor Detection: Level '/Game/VRProject.VRProject:PersistentLevel' has LevelScriptBlueprint '/Game/VRProject.VRProject:PersistentLevel.VRProject' with GeneratedClass '/Game/VRProject.VRProject_C' with ClassGeneratedBy '/Game/VRProject.VRProject:PersistentLevel.VRProject'
[2018.03.09-22.09.41:902][ 49]LogPlayLevel: PlayLevel: No blueprints needed recompiling
[2018.03.09-22.09.41:902][ 49]PIE: New page: PIE session: VRProject (Mar 10, 2018, 12:09:41 AM)
[2018.03.09-22.09.41:902][ 49]LogPlayLevel: Creating play world package: /Game/UEDPIE_0_VRProject
[2018.03.09-22.09.41:925][ 49]LogPlayLevel: PIE: StaticDuplicateObject took: (0.022304s)
[2018.03.09-22.09.41:925][ 49]LogAIModule: Creating AISystem for world VRProject
[2018.03.09-22.09.41:926][ 49]LogPlayLevel: PIE: World Init took: (0.000737s)
[2018.03.09-22.09.41:926][ 49]LogPlayLevel: PIE: Created PIE world by copying editor world from /Game/VRProject.VRProject to /Game/UEDPIE_0_VRProject.VRProject (0.023431s)
[2018.03.09-22.09.41:952][ 49]LogInit: XAudio2 using 'Speakers (Realtek High Definition Audio)' : 6 channels at 48 kHz using 32 bits per sample (channel mask 0x3f)
[2018.03.09-22.09.41:962][ 49]LogInit: FAudioDevice initialized.
[2018.03.09-22.09.41:993][ 49]LogLoad: Game class is 'FirstPersonGameMode_C'
[2018.03.09-22.09.42:004][ 49]LogWorld: Bringing World /Game/UEDPIE_0_VRProject.VRProject up for play (max tick rate 0) at 2018.03.09-23.09.42
[2018.03.09-22.09.42:005][ 49]LogWorld: Bringing up level for play took: 0.011081
[2018.03.09-22.09.42:007][ 49]PIE: Play in editor start time for /Game/UEDPIE_0_VRProject 0.187
[2018.03.09-22.09.42:008][ 49]LogBlueprintUserMessages: Late PlayInEditor Detection: Level '/Game/VRProject.VRProject:PersistentLevel' has LevelScriptBlueprint '/Game/VRProject.VRProject:PersistentLevel.VRProject' with GeneratedClass '/Game/VRProject.VRProject_C' with ClassGeneratedBy '/Game/VRProject.VRProject:PersistentLevel.VRProject'
[2018.03.09-22.10.16:143][834]LogBlueprintUserMessages: Early EndPlayMap Detection: Level '/Game/VRProject.VRProject:PersistentLevel' has LevelScriptBlueprint '/Game/VRProject.VRProject:PersistentLevel.VRProject' with GeneratedClass '/Game/VRProject.VRProject_C' with ClassGeneratedBy '/Game/VRProject.VRProject:PersistentLevel.VRProject'
[2018.03.09-22.10.16:191][834]LogBlueprintUserMessages: Late EndPlayMap Detection: Level '/Game/VRProject.VRProject:PersistentLevel' has LevelScriptBlueprint '/Game/VRProject.VRProject:PersistentLevel.VRProject' with GeneratedClass '/Game/VRProject.VRProject_C' with ClassGeneratedBy '/Game/VRProject.VRProject:PersistentLevel.VRProject'
[2018.03.09-22.10.18:095][ 10]LogEditorViewport: Clicking on Actor (LMB): SlideDoor_C (SlideDoor)
[2018.03.09-22.10.31:727][442]BlueprintLog: New page: Compile SlideDoor
[2018.03.09-22.10.32:505][473]Cmd: OBJ SAVEPACKAGE PACKAGE="/Game/MojeBlueprinty/SlideDoor" FILE="../../../../../../Users/Pawel/Documents/GitHub/VR/Content/MojeBlueprinty/SlideDoor.uasset" SILENT=true
[2018.03.09-22.10.32:619][473]LogSavePackage: Save=46.75ms
[2018.03.09-22.10.32:619][473]LogSavePackage: Moving '../../../../../../Users/Pawel/Documents/GitHub/VR/Saved/SlideDoor41F47D2E408CA05FC0B194A2824F31F6.tmp' to '../../../../../../Users/Pawel/Documents/GitHub/VR/Content/MojeBlueprinty/SlideDoor.uasset'
[2018.03.09-22.10.32:644][473]LogSavePackage: Display: Finished SavePackage ../../../../../../Users/Pawel/Documents/GitHub/VR/Content/MojeBlueprinty/SlideDoor.uasset
[2018.03.09-22.10.45:543][ 92]Cmd: TRANSACTION UNDO
[2018.03.09-22.10.45:543][ 92]LogEditorTransaction: Undo Edit Custom Location
[2018.03.09-22.10.45:554][ 92]LogActorComponent: RegisterComponentWithWorld: (/Engine/Transient.World_2:PersistentLevel.SlideDoor_C_2.StaticMeshComponent0) Trying to register component with IsPendingKill() == true. Aborting.
[2018.03.09-22.10.46:851][208]Cmd: TRANSACTION UNDO
[2018.03.09-22.10.46:851][208]LogEditorTransaction: Undo Move Actors
[2018.03.09-22.10.48:324][352]LogTemp: Repeating last play command: Selected Viewport
[2018.03.09-22.10.48:345][352]LogBlueprintUserMessages: Early PlayInEditor Detection: Level '/Game/VRProject.VRProject:PersistentLevel' has LevelScriptBlueprint '/Game/VRProject.VRProject:PersistentLevel.VRProject' with GeneratedClass '/Game/VRProject.VRProject_C' with ClassGeneratedBy '/Game/VRProject.VRProject:PersistentLevel.VRProject'
[2018.03.09-22.10.48:345][352]LogPlayLevel: PlayLevel: No blueprints needed recompiling
[2018.03.09-22.10.48:345][352]PIE: New page: PIE session: VRProject (Mar 10, 2018, 12:10:48 AM)
[2018.03.09-22.10.48:345][352]LogPlayLevel: Creating play world package: /Game/UEDPIE_0_VRProject
[2018.03.09-22.10.48:367][352]LogPlayLevel: PIE: StaticDuplicateObject took: (0.021490s)
[2018.03.09-22.10.48:368][352]LogAIModule: Creating AISystem for world VRProject
[2018.03.09-22.10.48:368][352]LogPlayLevel: PIE: World Init took: (0.000717s)
[2018.03.09-22.10.48:368][352]LogPlayLevel: PIE: Created PIE world by copying editor world from /Game/VRProject.VRProject to /Game/UEDPIE_0_VRProject.VRProject (0.022530s)
[2018.03.09-22.10.48:392][352]LogInit: XAudio2 using 'Speakers (Realtek High Definition Audio)' : 6 channels at 48 kHz using 32 bits per sample (channel mask 0x3f)
[2018.03.09-22.10.48:402][352]LogInit: FAudioDevice initialized.
[2018.03.09-22.10.48:434][352]LogLoad: Game class is 'FirstPersonGameMode_C'
[2018.03.09-22.10.48:444][352]LogWorld: Bringing World /Game/UEDPIE_0_VRProject.VRProject up for play (max tick rate 0) at 2018.03.09-23.10.48
[2018.03.09-22.10.48:445][352]LogWorld: Bringing up level for play took: 0.010462
[2018.03.09-22.10.48:447][352]PIE: Play in editor start time for /Game/UEDPIE_0_VRProject 0.62
[2018.03.09-22.10.48:447][352]LogBlueprintUserMessages: Late PlayInEditor Detection: Level '/Game/VRProject.VRProject:PersistentLevel' has LevelScriptBlueprint '/Game/VRProject.VRProject:PersistentLevel.VRProject' with GeneratedClass '/Game/VRProject.VRProject_C' with ClassGeneratedBy '/Game/VRProject.VRProject:PersistentLevel.VRProject'
[2018.03.09-22.10.53:573][929]LogBlueprintUserMessages: Early EndPlayMap Detection: Level '/Game/VRProject.VRProject:PersistentLevel' has LevelScriptBlueprint '/Game/VRProject.VRProject:PersistentLevel.VRProject' with GeneratedClass '/Game/VRProject.VRProject_C' with ClassGeneratedBy '/Game/VRProject.VRProject:PersistentLevel.VRProject'
[2018.03.09-22.10.53:627][929]LogBlueprintUserMessages: Late EndPlayMap Detection: Level '/Game/VRProject.VRProject:PersistentLevel' has LevelScriptBlueprint '/Game/VRProject.VRProject:PersistentLevel.VRProject' with GeneratedClass '/Game/VRProject.VRProject_C' with ClassGeneratedBy '/Game/VRProject.VRProject:PersistentLevel.VRProject'
[2018.03.09-22.12.27:629][708]LogEditorViewport: Clicking on Actor (LMB): Light_C (Light119)
[2018.03.09-22.13.29:099][785]LogEditorViewport: Clicking on Actor (LMB): Door_C (DoorSalon2)
[2018.03.09-22.13.35:745][379]LogEditorViewport: Clicking on Actor (LMB): PlayerStart (PlayerStart)
[2018.03.09-22.13.38:902][650]LogNavigationPoint: PostEditMove Clear paths rebuilt
[2018.03.09-22.13.41:832][934]LogNavigationPoint: PostEditMove Clear paths rebuilt
[2018.03.09-22.13.44:162][135]LogNavigationPoint: PostEditMove Clear paths rebuilt
[2018.03.09-22.13.48:475][554]LogNavigationPoint: PostEditMove Clear paths rebuilt
[2018.03.09-22.13.50:229][751]LogNavigationPoint: PostEditMove Clear paths rebuilt
[2018.03.09-22.13.51:642][914]LogNavigationPoint: PostEditMove Clear paths rebuilt
[2018.03.09-22.13.55:555][286]LogNavigationPoint: PostEditMove Clear paths rebuilt
[2018.03.09-22.13.57:470][429]LogNavigationPoint: PostEditMove Clear paths rebuilt
[2018.03.09-22.14.00:473][714]LogNavigationPoint: PostEditMove Clear paths rebuilt
[2018.03.09-22.14.01:276][807]LogNavigationPoint: PostEditMove Clear paths rebuilt
[2018.03.09-22.14.20:164][324]Cmd: OBJ SAVEPACKAGE PACKAGE="/Game/VRProject" FILE="../../../../../../Users/Pawel/Documents/GitHub/VR/Content/VRProject.umap" SILENT=true AUTOSAVING=false KEEPDIRTY=false
[2018.03.09-22.14.20:837][324]LogSavePackage: Save=584.79ms
[2018.03.09-22.14.20:837][324]LogSavePackage: Moving '../../../../../../Users/Pawel/Documents/GitHub/VR/Saved/VRProject277F62B24FF0706E76E80B8C575E211D.tmp' to '../../../../../../Users/Pawel/Documents/GitHub/VR/Content/VRProject.umap'
[2018.03.09-22.14.20:842][324]LogSavePackage: Display: Finished SavePackage ../../../../../../Users/Pawel/Documents/GitHub/VR/Content/VRProject.umap
[2018.03.09-22.14.20:882][324]Cmd: OBJ SAVEPACKAGE PACKAGE="/Game/VRProject_BuiltData" FILE="../../../../../../Users/Pawel/Documents/GitHub/VR/Content/VRProject_BuiltData.uasset" SILENT=true
[2018.03.09-22.14.21:244][324]LogSavePackage: Save=269.69ms
[2018.03.09-22.14.21:244][324]LogSavePackage: Moving '../../../../../../Users/Pawel/Documents/GitHub/VR/Saved/VRProject_BuiltDataF15BD71548F7406C06B88EAE19369D91.tmp' to '../../../../../../Users/Pawel/Documents/GitHub/VR/Content/VRProject_BuiltData.uasset'
[2018.03.09-22.14.21:248][324]LogSavePackage: Display: Finished SavePackage ../../../../../../Users/Pawel/Documents/GitHub/VR/Content/VRProject_BuiltData.uasset
