Log file open, 02/22/18 17:19:50
LogWindows: LoadLibraryWithSearchPaths failed for file aqProf.dll. GetLastError=0
LogWindows: LoadLibraryWithSearchPaths failed for file VtuneApi.dll. GetLastError=0
LogWindows: LoadLibraryWithSearchPaths failed for file VtuneApi32e.dll. GetLastError=0
LogInit: Display: Running engine for game: VRProject
LogPlatformFile: Not using cached read wrapper
LogInit: Display: RandInit(-1963741963) SRandInit(-1963741963).
LogTaskGraph: Started task graph with 5 named threads and 14 total threads with 3 sets of task threads.
LogStats: Stats thread started at 0.204692
LogD3D11RHI: Aftermath initialized
LogPluginManager: Mounting plugin Paper2D
LogPluginManager: Mounting plugin LightPropagationVolume
LogPluginManager: Mounting plugin CodeLiteSourceCodeAccess
LogPluginManager: Mounting plugin GitSourceControl
LogPluginManager: Mounting plugin KDevelopSourceCodeAccess
LogPluginManager: Mounting plugin NullSourceCodeAccess
LogPluginManager: Mounting plugin PerforceSourceControl
LogPluginManager: Mounting plugin SubversionSourceControl
LogPluginManager: Mounting plugin UObjectPlugin
LogPluginManager: Mounting plugin VisualStudioSourceCodeAccess
LogPluginManager: Mounting plugin XCodeSourceCodeAccess
LogPluginManager: Mounting plugin AssetManagerEditor
LogPluginManager: Mounting plugin AudioCapture
LogPluginManager: Mounting plugin FacialAnimation
LogPluginManager: Mounting plugin GameplayTagsEditor
LogPluginManager: Mounting plugin MobileLauncherProfileWizard
LogPluginManager: Mounting plugin PluginBrowser
LogPluginManager: Mounting plugin SpeedTreeImporter
LogPluginManager: Mounting plugin AlembicImporter
LogPluginManager: Mounting plugin CharacterAI
LogPluginManager: Mounting plugin HTML5Networking
LogPluginManager: Mounting plugin AndroidMedia
LogPluginManager: Mounting plugin AvfMedia
LogPluginManager: Mounting plugin MediaPlayerEditor
LogPluginManager: Mounting plugin WmfMedia
LogPluginManager: Mounting plugin TcpMessaging
LogPluginManager: Mounting plugin UdpMessaging
LogPluginManager: Mounting plugin LevelSequenceEditor
LogPluginManager: Mounting plugin MatineeToLevelSequence
LogPluginManager: Mounting plugin OnlineSubsystemGooglePlay
LogPluginManager: Mounting plugin OnlineSubsystemIOS
LogPluginManager: Mounting plugin OnlineSubsystem
LogPluginManager: Mounting plugin OnlineSubsystemNull
LogPluginManager: Mounting plugin OnlineSubsystemUtils
LogPluginManager: Mounting plugin AndroidDeviceProfileSelector
LogPluginManager: Mounting plugin AndroidMoviePlayer
LogPluginManager: Mounting plugin AndroidPermission
LogPluginManager: Mounting plugin AppleMoviePlayer
LogPluginManager: Mounting plugin ArchVisCharacter
LogPluginManager: Mounting plugin CableComponent
LogPluginManager: Mounting plugin CustomMeshComponent
LogPluginManager: Mounting plugin ExampleDeviceProfileSelector
LogPluginManager: Mounting plugin GoogleCloudMessaging
LogPluginManager: Mounting plugin ImmediatePhysics
LogPluginManager: Mounting plugin IOSDeviceProfileSelector
LogPluginManager: Mounting plugin LinuxDeviceProfileSelector
LogPluginManager: Mounting plugin LocationServicesBPLibrary
LogPluginManager: Mounting plugin MobilePatchingUtils
LogPluginManager: Mounting plugin OculusVR
LogPluginManager: Mounting plugin PhysXVehicles
LogPluginManager: Mounting plugin ProceduralMeshComponent
LogPluginManager: Mounting plugin RuntimePhysXCooking
LogPluginManager: Mounting plugin SteamVR
LogPluginManager: Mounting plugin WindowsMoviePlayer
LogInit: Using libcurl 7.47.1
LogInit:  - built for x86_64-pc-win32
LogInit:  - supports SSL with OpenSSL/1.0.2g
LogInit:  - supports HTTP deflate (compression) using libz 1.2.8
LogInit:  - other features:
LogInit:      CURL_VERSION_SSL
LogInit:      CURL_VERSION_LIBZ
LogInit:      CURL_VERSION_IPV6
LogInit:      CURL_VERSION_ASYNCHDNS
LogInit:      CURL_VERSION_LARGEFILE
LogInit:      CURL_VERSION_IDN
LogInit:  CurlRequestOptions (configurable via config and command line):
LogInit:  - bVerifyPeer = false  - Libcurl will NOT verify peer certificate
LogInit:  - bUseHttpProxy = false  - Libcurl will NOT use HTTP proxy
LogInit:  - bDontReuseConnections = false  - Libcurl will reuse connections
LogInit:  - CertBundlePath = nullptr  - Libcurl will use whatever was configured at build time.
LogInit: Build: ++UE4+Release-4.17-CL-3586342
LogInit: Engine Version: 4.17.1-3586342+++UE4+Release-4.17
LogInit: Compatible Engine Version: 4.17.0-3573198+++UE4+Release-4.17
LogInit: Net CL: 3573198
LogDevObjectVersion: Number of dev versions registered: 16
LogDevObjectVersion:   Dev-Blueprints (B0D832E4-1F89-4F0D-ACCF-7EB736FD4AA2): 10
LogDevObjectVersion:   Dev-Build (E1C64328-A22C-4D53-A36C-8E866417BD8C): 0
LogDevObjectVersion:   Dev-Core (375EC13C-06E4-48FB-B500-84F0262A717E): 2
LogDevObjectVersion:   Dev-Editor (E4B068ED-F494-42E9-A231-DA0B2E46BB41): 20
LogDevObjectVersion:   Dev-Framework (CFFC743F-43B0-4480-9391-14DF171D2073): 28
LogDevObjectVersion:   Dev-Mobile (B02B49B5-BB20-44E9-A304-32B752E40360): 0
LogDevObjectVersion:   Dev-Networking (A4E4105C-59A1-49B5-A7C5-40C4547EDFEE): 0
LogDevObjectVersion:   Dev-Online (39C831C9-5AE6-47DC-9A44-9C173E1C8E7C): 0
LogDevObjectVersion:   Dev-Physics (78F01B33-EBEA-4F98-B9B4-84EACCB95AA2): 0
LogDevObjectVersion:   Dev-Platform (6631380F-2D4D-43E0-8009-CF276956A95A): 0
LogDevObjectVersion:   Dev-Rendering (12F88B9F-8875-4AFC-A67C-D90C383ABD29): 19
LogDevObjectVersion:   Dev-Sequencer (7B5AE74C-D270-4C10-A958-57980B212A5A): 4
LogDevObjectVersion:   Dev-VR (D7296918-1DD6-4BDD-9DE2-64A83CC13884): 0
LogDevObjectVersion:   Dev-LoadTimes (C2A15278-BFE7-4AFE-6C17-90FF531DF755): 1
LogDevObjectVersion:   Private-Geometry (6EACA3D4-40EC-4CC1-B786-8BED09428FC5): 1
LogDevObjectVersion:   Dev-AnimPhys (29E575DD-E0A3-4627-9D10-D276232CDCEA): 7
LogInit: Compiled (64-bit): Aug 15 2017 02:05:26
LogInit: Compiled with Visual C++: 19.00.24215.01
LogInit: Build Configuration: Development
LogInit: Branch Name: ++UE4+Release-4.17
LogInit: Command line: -EpicPortal 
LogInit: Base directory: G:/Programy/UE_4.17/Engine/Binaries/Win64/
LogInit: Installed Engine Build: 1
LogInit: Presizing for max 8388607 objects, including 0 objects not considered by GC, pre-allocating 0 bytes for permanent pool.
LogInit: Object subsystem initialized
[2018.02.22-16.19.51:239][  0]LogInit: Selected Device Profile: [Windows]
[2018.02.22-16.19.51:240][  0]LogInit: Applying CVar settings loaded from the selected device profile: [Windows]
[2018.02.22-16.19.51:257][  0]LogInit: Computer: ZBAJSZEK
[2018.02.22-16.19.51:257][  0]LogInit: User: Zbajchu
[2018.02.22-16.19.51:257][  0]LogInit: CPU Page size=4096, Cores=4
[2018.02.22-16.19.51:257][  0]LogInit: High frequency timer resolution =3.027366 MHz
[2018.02.22-16.19.51:257][  0]LogMemory: Memory total: Physical=8.0GB (8GB approx)
[2018.02.22-16.19.51:257][  0]LogMemory: Platform Memory Stats for Windows
[2018.02.22-16.19.51:257][  0]LogMemory: Process Physical Memory: 280.94 MB used, 280.94 MB peak
[2018.02.22-16.19.51:257][  0]LogMemory: Process Virtual Memory: 275.41 MB used, 275.41 MB peak
[2018.02.22-16.19.51:257][  0]LogMemory: Physical Memory: 5441.59 MB used,  2700.04 MB free, 8141.63 MB total
[2018.02.22-16.19.51:257][  0]LogMemory: Virtual Memory: 693.64 MB used,  2700.04 MB free, 134217728.00 MB total
[2018.02.22-16.19.51:430][  0]LogInit: Using OS detected language (pl-PL).
[2018.02.22-16.19.51:430][  0]LogInit: Using OS detected locale (pl-PL).
[2018.02.22-16.19.51:434][  0]LogTextLocalizationManager: No localization for 'pl-PL' exists, so 'en' will be used for the language.
[2018.02.22-16.19.51:434][  0]LogTextLocalizationManager: No localization for 'pl-PL' exists, so 'en' will be used for the locale.
[2018.02.22-16.19.52:174][  0]LogD3D11RHI: D3D11 adapters:
[2018.02.22-16.19.52:241][  0]LogD3D11RHI:    0. 'NVIDIA GeForce GTX 970' (Feature Level 11_0)
[2018.02.22-16.19.52:241][  0]LogD3D11RHI:       4043/0/4070 MB DedicatedVideo/DedicatedSystem/SharedSystem, Outputs:2, VendorId:0x10de
[2018.02.22-16.19.52:244][  0]LogD3D11RHI:    1. 'Microsoft Basic Render Driver' (Feature Level 11_0)
[2018.02.22-16.19.52:244][  0]LogD3D11RHI:       0/0/4070 MB DedicatedVideo/DedicatedSystem/SharedSystem, Outputs:0, VendorId:0x1414
[2018.02.22-16.19.52:244][  0]LogD3D11RHI: Chosen D3D11 Adapter: 0
[2018.02.22-16.19.52:253][  0]LogD3D11RHI: Creating new Direct3DDevice
[2018.02.22-16.19.52:253][  0]LogD3D11RHI:     GPU DeviceId: 0x13c2 (for the marketing name, search the web for "GPU Device Id")
[2018.02.22-16.19.52:253][  0]LogWindows: EnumDisplayDevices:
[2018.02.22-16.19.52:253][  0]LogWindows:    0. 'NVIDIA GeForce GTX 970' (P:1 D:1)
[2018.02.22-16.19.52:253][  0]LogWindows:    1. 'NVIDIA GeForce GTX 970' (P:0 D:1)
[2018.02.22-16.19.52:254][  0]LogWindows:    2. 'NVIDIA GeForce GTX 970' (P:0 D:0)
[2018.02.22-16.19.52:254][  0]LogWindows:    3. 'NVIDIA GeForce GTX 970' (P:0 D:0)
[2018.02.22-16.19.52:254][  0]LogWindows: DebugString: GetVideoDriverDetailsInvalid PrimaryIsNotTheChoosenAdapter GetVideoDriverDetailsInvalid PrimaryIsNotTheChoosenAdapter GetVideoDriverDetailsInvalid PrimaryIsNotTheChoosenAdapter GetVideoDriverDetailsInvalid PrimaryIsNotTheChoosenAdapter FoundDriverCount:0 
[2018.02.22-16.19.52:254][  0]LogD3D11RHI:     Adapter Name: NVIDIA GeForce GTX 970
[2018.02.22-16.19.52:254][  0]LogD3D11RHI:   Driver Version: Unknown (internal:Unknown, unified:Unknown)
[2018.02.22-16.19.52:254][  0]LogD3D11RHI:      Driver Date: Unknown
[2018.02.22-16.19.52:254][  0]LogRHI: Texture pool is 1361 MB (70% of 1945 MB)
[2018.02.22-16.19.52:285][  0]LogD3D11RHI: Async texture creation enabled
[2018.02.22-16.19.52:305][  0]LogD3D11RHI: GPU Timing Frequency: 1000.000000 (Debug: 2 2)
[2018.02.22-16.19.52:355][  0]LogShaderCompilers: Guid format shader working directory is 12 characters bigger than the processId version (C:/Users/Zbajchu/Documents/GitHub/VR/Intermediate/Shaders/WorkingDirectory/1744/).
[2018.02.22-16.19.52:355][  0]LogShaderCompilers: Cleaned the shader compiler working directory 'C:/Users/Zbajchu/AppData/Local/Temp/UnrealShaderWorkingDir/E29F321840BCB33536971CA4BC9D3C17/'.
[2018.02.22-16.19.52:355][  0]LogShaderCompilers: Display: Using Local Shader Compiler.
[2018.02.22-16.19.53:377][  0]LogTemp: Display: Loaded TP AllDesktopTargetPlatform
[2018.02.22-16.19.53:430][  0]LogTemp: Display: Loaded TP MacClientTargetPlatform
[2018.02.22-16.19.53:483][  0]LogTemp: Display: Loaded TP MacNoEditorTargetPlatform
[2018.02.22-16.19.53:536][  0]LogTemp: Display: Loaded TP MacServerTargetPlatform
[2018.02.22-16.19.53:600][  0]LogTemp: Display: Loaded TP MacTargetPlatform
[2018.02.22-16.19.53:666][  0]LogTemp: Display: Loaded TP WindowsClientTargetPlatform
[2018.02.22-16.19.53:720][  0]LogTemp: Display: Loaded TP WindowsNoEditorTargetPlatform
[2018.02.22-16.19.53:773][  0]LogTemp: Display: Loaded TP WindowsServerTargetPlatform
[2018.02.22-16.19.53:818][  0]LogTemp: Display: Loaded TP WindowsTargetPlatform
[2018.02.22-16.19.53:872][  0]LogTemp: Display: Loaded TP AndroidTargetPlatform
[2018.02.22-16.19.53:925][  0]LogTemp: Display: Loaded TP Android_ASTCTargetPlatform
[2018.02.22-16.19.53:976][  0]LogTemp: Display: Loaded TP Android_ATCTargetPlatform
[2018.02.22-16.19.54:044][  0]LogTemp: Display: Loaded TP Android_DXTTargetPlatform
[2018.02.22-16.19.54:098][  0]LogTemp: Display: Loaded TP Android_ETC1TargetPlatform
[2018.02.22-16.19.54:154][  0]LogTemp: Display: Loaded TP Android_ETC2TargetPlatform
[2018.02.22-16.19.54:266][  0]LogTemp: Display: Loaded TP Android_MultiTargetPlatform
[2018.02.22-16.19.54:266][  0]LogTemp: Display: Loaded TP Android_PVRTCTargetPlatform
[2018.02.22-16.19.54:307][  0]LogTemp: Display: Loaded TP HTML5TargetPlatform
[2018.02.22-16.19.54:403][  0]LogTemp: Display: Loaded TP IOSTargetPlatform
[2018.02.22-16.19.54:435][  0]LogTemp: Display: Loaded TP TVOSTargetPlatform
[2018.02.22-16.19.54:502][  0]LogTemp: Display: Loaded TP LinuxClientTargetPlatform
[2018.02.22-16.19.54:554][  0]LogTemp: Display: Loaded TP LinuxNoEditorTargetPlatform
[2018.02.22-16.19.54:609][  0]LogTemp: Display: Loaded TP LinuxServerTargetPlatform
[2018.02.22-16.19.54:662][  0]LogTemp: Display: Loaded TP LinuxTargetPlatform
[2018.02.22-16.19.54:662][  0]LogTargetPlatformManager: Display: Building Assets For Windows
[2018.02.22-16.19.55:167][  0]LogDerivedDataCache: Display: Max Cache Size: 512 MB
[2018.02.22-16.19.55:287][  0]LogDerivedDataCache: Loaded boot cache 0.12s 106MB C:/Users/Zbajchu/AppData/Local/UnrealEngine/4.17/DerivedDataCache/Boot.ddc.
[2018.02.22-16.19.55:287][  0]LogDerivedDataCache: Display: Loaded Boot cache: C:/Users/Zbajchu/AppData/Local/UnrealEngine/4.17/DerivedDataCache/Boot.ddc
[2018.02.22-16.19.55:287][  0]LogDerivedDataCache: FDerivedDataBackendGraph:  Pak pak cache file C:/Users/Zbajchu/Documents/GitHub/VR/DerivedDataCache/DDC.ddp not found, will not use a pak cache.
[2018.02.22-16.19.55:287][  0]LogDerivedDataCache: Unable to find inner node Pak for hierarchical cache Hierarchy.
[2018.02.22-16.19.55:287][  0]LogDerivedDataCache: FDerivedDataBackendGraph:  CompressedPak pak cache file C:/Users/Zbajchu/Documents/GitHub/VR/DerivedDataCache/Compressed.ddp not found, will not use a pak cache.
[2018.02.22-16.19.55:287][  0]LogDerivedDataCache: Unable to find inner node CompressedPak for hierarchical cache Hierarchy.
[2018.02.22-16.19.55:305][  0]LogDerivedDataCache: Display: Pak cache opened for reading ../../../Engine/DerivedDataCache/Compressed.ddp.
[2018.02.22-16.19.55:317][  0]LogDerivedDataCache: Using Local data cache path C:/Users/Zbajchu/AppData/Local/UnrealEngine/Common/DerivedDataCache: Writable
[2018.02.22-16.19.55:330][  0]LogMaterial: Verifying Global Shaders for PCD3D_SM5
[2018.02.22-16.19.55:330][  0]LogSlate: Using Freetype 2.6.0
[2018.02.22-16.19.55:331][  0]LogSlate: SlateFontCache - WITH_FREETYPE: 1, WITH_HARFBUZZ: 1
[2018.02.22-16.19.55:331][  0]LogSlate: SlateFontCache - WITH_FREETYPE: 1, WITH_HARFBUZZ: 1
[2018.02.22-16.19.55:696][  0]LogAssetRegistry: FAssetRegistry took 0.0270 seconds to start up
[2018.02.22-16.19.55:834][  0]LogInit: Selected Device Profile: [Windows]
[2018.02.22-16.19.56:264][  0]LogSimplygon: Simplygon DLL not present - disabling.
[2018.02.22-16.19.56:319][  0]LogMeshReduction: Using SimplygonSwarm for distributed automatic mesh merging
[2018.02.22-16.19.56:319][  0]LogMeshReduction: Using QuadricMeshReduction for automatic static mesh reduction
[2018.02.22-16.19.56:319][  0]LogMeshReduction: No automatic skeletal mesh reduction module available
[2018.02.22-16.19.56:319][  0]LogMeshReduction: No automatic mesh merging module available
[2018.02.22-16.19.56:319][  0]LogMeshMerging: No automatic mesh merging module available
[2018.02.22-16.19.56:321][  0]LogContentStreaming: Texture pool size is 0.00 MB
[2018.02.22-16.19.56:911][  0]LogNetVersion: VRProject , NetCL: 3573198, EngineNetVer: 2, GameNetVer: 0 (Checksum: 2701897489)
[2018.02.22-16.19.57:151][  0]LogPackageLocalizationCache: Processed 5 localized package path(s) for 1 prioritized culture(s) in 0.032039 seconds
[2018.02.22-16.19.57:158][  0]LogUObjectArray: 35825 objects as part of root set at end of initial load.
[2018.02.22-16.19.57:158][  0]LogUObjectAllocator: 7529112 out of 0 bytes used by permanent object pool.
[2018.02.22-16.19.57:159][  0]LogUObjectArray: CloseDisregardForGC: 0/0 objects in disregard for GC pool
[2018.02.22-16.19.57:224][  0]LogInit: WinSock: version 1.1 (2.2), MaxSocks=32767, MaxUdp=65467
[2018.02.22-16.20.00:241][  0]LogTcpMessaging: Initializing TcpMessaging bridge
[2018.02.22-16.20.00:283][  0]LogUdpMessaging: Initializing bridge on interface 0.0.0.0:0 to multicast group 230.0.0.1:6666.
[2018.02.22-16.20.01:569][  0]LogMaterial: Uniform references updated for custom material expression Custom.
[2018.02.22-16.20.02:092][  0]SourceControl: Source control is disabled
[2018.02.22-16.20.02:092][  0]SourceControl: Source control is disabled
[2018.02.22-16.20.02:144][  0]SourceControl: Source control is disabled
[2018.02.22-16.20.02:195][  0]SourceControl: Source control is disabled
[2018.02.22-16.20.02:869][  0]LogAndroidPermission: UAndroidPermissionCallbackProxy::GetInstance
[2018.02.22-16.20.03:174][  0]LogOcInput: OculusInput pre-init called
[2018.02.22-16.20.03:493][  0]LogEngine: Initializing Engine...
[2018.02.22-16.20.03:496][  0]LogHMD: Failed to initialize OpenVR with code 110
[2018.02.22-16.20.03:742][  0]LogStats: UGameplayTagsManager::ConstructGameplayTagTree: Construct from data asset -  0.000 s
[2018.02.22-16.20.03:742][  0]LogStats: UGameplayTagsManager::ConstructGameplayTagTree: GameplayTagTreeChangedEvent.Broadcast -  0.000 s
[2018.02.22-16.20.03:887][  0]LogAIModule: Creating AISystem for world Untitled
[2018.02.22-16.20.03:917][  0]LogInit: XAudio2 using 'Głośniki (Realtek High Definition Audio)' : 2 channels at 48 kHz using 32 bits per sample (channel mask 0x3)
[2018.02.22-16.20.03:938][  0]LogInit: FAudioDevice initialized.
[2018.02.22-16.20.04:047][  0]LogDerivedDataCache: Saved boot cache 0.11s 106MB C:/Users/Zbajchu/AppData/Local/UnrealEngine/4.17/DerivedDataCache/Boot.ddc.
[2018.02.22-16.20.04:068][  0]LogInit: Texture streaming: Enabled
[2018.02.22-16.20.04:187][  0]LogEngineSessionManager: EngineSessionManager initialized
[2018.02.22-16.20.04:569][  0]LogInit: Transaction tracking system initialized
[2018.02.22-16.20.04:918][  0]BlueprintLog: New page: Editor Load
[2018.02.22-16.20.05:879][  0]LocalizationService: Localization service is disabled
[2018.02.22-16.20.06:640][  0]LogConsoleResponse: Display: 
[2018.02.22-16.20.06:676][  0]LogMaterial: Missing cached shader map for material PhAT_BoneSelectedMaterial, compiling. 
[2018.02.22-16.20.06:949][  0]LogMaterial: Missing cached shader map for material PhAT_NoCollisionMaterial, compiling. 
[2018.02.22-16.20.06:970][  0]LogMaterial: Missing cached shader map for material PhAT_UnselectedMaterial, compiling. 
[2018.02.22-16.20.07:015][  0]LogMaterial: Missing cached shader map for material WidgetMaterial_X, compiling. 
[2018.02.22-16.20.07:037][  0]LogMaterial: Missing cached shader map for material WidgetMaterial_Z, compiling. 
[2018.02.22-16.20.07:050][  0]LogMaterial: Missing cached shader map for material WidgetVertexColorMaterial, compiling. 
[2018.02.22-16.20.07:119][  0]LogMaterial: Missing cached shader map for material BlinkingCaret, compiling. 
[2018.02.22-16.20.07:546][  0]LogFileCache: Scanning file cache for directory 'C:/Users/Zbajchu/Documents/GitHub/VR/Content/' took 0.02s
[2018.02.22-16.20.07:546][  0]LogCook: Display: Max memory allowance for cook 16384mb min free memory 0mb
[2018.02.22-16.20.07:547][  0]LogCook: Display: Mobile HDR setting 1
[2018.02.22-16.20.07:547][  0]LogGameplayTags: Display: UGameplayTagsManager::DoneAddingNativeTags. DelegateIsBound: 0
[2018.02.22-16.20.08:690][  0]SourceControl: Source control is disabled
[2018.02.22-16.20.08:690][  0]Cmd: MAP LOAD FILE="C:/Users/Zbajchu/Documents/GitHub/VR/Content/VRProject.umap" TEMPLATE=0 SHOWPROGRESS=1 FEATURELEVEL=3
[2018.02.22-16.20.08:691][  0]LightingResults: New page: Lighting Build
[2018.02.22-16.20.08:736][  0]MapCheck: New page: Map Check
[2018.02.22-16.20.08:736][  0]LightingResults: New page: Lighting Build
[2018.02.22-16.20.11:030][  0]LogTexture: Display: Building textures: HQ_Lightmap1_2 (AutoDXT, 256X256)
[2018.02.22-16.20.11:030][  0]LogTexture: Display: Building textures: HQ_Lightmap1_1 (AutoDXT, 1024X1024)
[2018.02.22-16.20.11:030][  0]LogTexture: Display: Building textures: HQ_Lightmap1_3 (AutoDXT, 1024X1024)
[2018.02.22-16.20.11:030][  0]LogMaterial: Missing cached shader map for material M_Wood_Pine, compiling. 
[2018.02.22-16.20.11:115][  0]LogStaticMesh: Building static mesh lampa_Lamp_Wick...
[2018.02.22-16.20.11:164][  0]LogStaticMesh: Built static mesh [0.05s] /Game/MojeMeshe/lampa_Lamp_Wick.lampa_Lamp_Wick
[2018.02.22-16.20.11:267][  0]LogMaterial: Missing cached shader map for material LampBase, compiling. 
[2018.02.22-16.20.11:299][  0]LogAudioDerivedData: Display: Building compressed audio format OGG wave Cthulhu...
[2018.02.22-16.20.11:888][  0]LogTexture: Display: Building textures: LQ_Lightmap_1_1 (DXT1, 1024X1024)
[2018.02.22-16.20.11:888][  0]LogTexture: Display: Building textures: LQ_Lightmap_1_2 (DXT1, 256X256)
[2018.02.22-16.20.11:888][  0]LogTexture: Display: Building textures: LQ_Lightmap_1_3 (DXT1, 1024X1024)
[2018.02.22-16.20.11:888][  0]LogTexture: Display: Building textures: ShadowMapTexture2D_0 (G8, 1024X128)
[2018.02.22-16.20.12:033][  0]LogMaterial: Missing cached shader map for material DefaultSpriteMaterial, compiling. 
[2018.02.22-16.20.12:076][  0]LogAudioDerivedData: Display: Building compressed audio format OGG wave Wrong_Code2...
[2018.02.22-16.20.12:270][  0]LogTexture: Display: Building textures: list1 (AutoDXT, 2304X3456)
[2018.02.22-16.20.12:270][  0]LogAudioDerivedData: Display: Building compressed audio format OGG wave Relase_Lock...
[2018.02.22-16.20.12:556][  0]LogMaterial: Missing cached shader map for material fuseBox, compiling. 
[2018.02.22-16.20.24:034][  0]LogTexture: Display: Building textures: table (AutoDXT, 4920X3280)
[2018.02.22-16.20.24:054][  0]LogMaterial: Missing cached shader map for material keyH, compiling. 
[2018.02.22-16.20.24:090][  0]LogTexture: Display: Building textures: 9 (AutoDXT, 1024X768)
[2018.02.22-16.20.24:090][  0]LogMaterial: Missing cached shader map for material przycisk0H, compiling. 
[2018.02.22-16.20.24:125][  0]LogMaterial: Missing cached shader map for material przycisk2H, compiling. 
[2018.02.22-16.20.32:760][  0]LogTexture: Display: Building textures: pochodnia (AutoDXT, 960X640)
[2018.02.22-16.20.32:791][  0]LogMaterial: Missing cached shader map for material przycisk9H, compiling. 
[2018.02.22-16.20.32:829][  0]LogMaterial: Missing cached shader map for material przycisk8H, compiling. 
[2018.02.22-16.20.32:855][  0]LogMaterial: Missing cached shader map for material przycisk7H, compiling. 
[2018.02.22-16.20.32:874][  0]LogMaterial: Missing cached shader map for material przycisk7, compiling. 
[2018.02.22-16.20.32:894][  0]LogMaterial: Missing cached shader map for material przycisk6H, compiling. 
[2018.02.22-16.20.32:947][  0]LogStaticMesh: Building static mesh torch...
[2018.02.22-16.20.32:956][  0]LogStaticMesh: Built static mesh [0.01s] /Game/MojeMeshe/torch.torch
[2018.02.22-16.20.32:965][  0]LogStaticMesh: Building static mesh szafka2...
[2018.02.22-16.20.32:974][  0]LogStaticMesh: Built static mesh [0.01s] /Game/MojeMeshe/szafka2.szafka2
[2018.02.22-16.20.32:974][  0]LogStaticMesh: Building static mesh szafka1...
[2018.02.22-16.20.32:981][  0]LogStaticMesh: Built static mesh [0.01s] /Game/MojeMeshe/szafka1.szafka1
[2018.02.22-16.20.32:983][  0]LogStaticMesh: Building static mesh skrzynkaBez...
[2018.02.22-16.20.32:995][  0]LogStaticMesh: Built static mesh [0.01s] /Game/MojeMeshe/skrzynkaBez.skrzynkaBez
[2018.02.22-16.20.33:015][  0]LogStaticMesh: Building static mesh skrzyniaBase...
[2018.02.22-16.20.33:028][  0]LogStaticMesh: Built static mesh [0.01s] /Game/MojeMeshe/skrzyniaBase.skrzyniaBase
[2018.02.22-16.20.33:047][  0]LogMaterial: Missing cached shader map for material books1, compiling. 
[2018.02.22-16.20.33:085][  0]LogStaticMesh: Building static mesh obrazLovecraft...
[2018.02.22-16.20.33:088][  0]LogStaticMesh: Built static mesh [0.00s] /Game/MojeMeshe/obrazLovecraft.obrazLovecraft
[2018.02.22-16.20.33:152][  0]LogMaterial: Missing cached shader map for material obraz3, compiling. 
[2018.02.22-16.20.33:179][  0]LogStaticMesh: Building static mesh cthulhu3...
[2018.02.22-16.20.33:181][  0]LogStaticMesh: Built static mesh [0.00s] /Game/MojeMeshe/cthulhu3.cthulhu3
[2018.02.22-16.20.33:211][  0]LogStaticMesh: Building static mesh cthulhu1...
[2018.02.22-16.20.33:214][  0]LogStaticMesh: Built static mesh [0.00s] /Game/MojeMeshe/cthulhu1.cthulhu1
[2018.02.22-16.20.33:301][  0]LogMaterial: Missing cached shader map for material M_CobbleStone_Smooth, compiling. 
[2018.02.22-16.20.33:353][  0]LogMaterial: Missing cached shader map for material books2_Mat, compiling. 
[2018.02.22-16.20.33:538][  0]LogAIModule: Creating AISystem for world VRProject
[2018.02.22-16.20.33:894][  0]LogEditorServer: Finished looking for orphan Actors (0.000 secs)
[2018.02.22-16.20.33:938][  0]Cmd: MAP CHECKDEP NOCLEARLOG
[2018.02.22-16.20.34:033][  0]MapCheck: Map check complete: 0 Error(s), 0 Warning(s), took 94.884ms to complete.
[2018.02.22-16.20.34:033][  0]LogFileHelpers: Loading map 'VRProject' took 25.343
[2018.02.22-16.20.34:158][  0]LogWindowsTextInputMethodSystem: Display: IME system now deactivated.
[2018.02.22-16.20.35:066][  0]LogCollectionManager: Loaded 0 collections in 0.000933 seconds
[2018.02.22-16.20.35:310][  0]LogFileCache: Scanning file cache for directory 'C:/Users/Zbajchu/Documents/GitHub/VR/Saved/Collections/' took 0.01s
[2018.02.22-16.20.35:310][  0]LogFileCache: Scanning file cache for directory 'C:/Users/Zbajchu/Documents/GitHub/VR/Content/Developers/Zbajchu/Collections/' took 0.01s
[2018.02.22-16.20.35:310][  0]LogFileCache: Scanning file cache for directory 'C:/Users/Zbajchu/Documents/GitHub/VR/Content/Collections/' took 0.01s
[2018.02.22-16.20.35:310][  0]LogCollectionManager: Rebuilt the GUID cache for 0 collections in 0.000001 seconds
[2018.02.22-16.20.35:332][  0]LogContentBrowser: Native class hierarchy populated in 0.0196 seconds. Added 2386 classes and 500 folders.
[2018.02.22-16.20.35:516][  0]LogContentBrowser: Native class hierarchy updated for 'WidgetCarousel' in 0.0007 seconds. Added 0 classes and 0 folders.
[2018.02.22-16.20.36:092][  0]LogContentBrowser: Native class hierarchy updated for 'AddContentDialog' in 0.0008 seconds. Added 0 classes and 0 folders.
[2018.02.22-16.20.36:215][  0]LogContentBrowser: Native class hierarchy updated for 'SceneOutliner' in 0.0007 seconds. Added 1 classes and 2 folders.
[2018.02.22-16.20.37:261][  0]LogSlate: Took 0.000301 seconds to synchronously load lazily loaded font '../../../Engine/Content/Slate/Fonts/Roboto-Regular.ttf' (155K)
[2018.02.22-16.20.37:271][  0]LogSlate: Took 0.000378 seconds to synchronously load lazily loaded font '../../../Engine/Content/Slate/Fonts/Roboto-Bold.ttf' (160K)
[2018.02.22-16.20.37:368][  0]LogSlate: Took 0.017175 seconds to synchronously load lazily loaded font '../../../Engine/Content/Editor/Slate/Fonts/FontAwesome.ttf' (139K)
[2018.02.22-16.20.37:974][  0]LogRenderer: Reallocating scene render targets to support 1208x576 Format 26 NumSamples 1 (Frame:1).
[2018.02.22-16.20.38:674][  0]LogSlate: Took 0.017493 seconds to synchronously load lazily loaded font '../../../Engine/Content/Slate/Fonts/Roboto-Light.ttf' (159K)
[2018.02.22-16.20.39:148][  0]LogContentBrowser: Native class hierarchy updated for 'HierarchicalLODOutliner' in 0.0008 seconds. Added 1 classes and 2 folders.
[2018.02.22-16.20.39:148][  0]LogLoad: (Engine Initialization) Total time: 49.65 seconds
[2018.02.22-16.20.39:148][  0]LogLoad: (Engine Initialization) Total Blueprint compile time: 0.00 seconds
[2018.02.22-16.20.39:148][  0]LogExternalProfiler: Found external profiler: VSPerf
[2018.02.22-16.20.39:149][  0]LogExternalProfiler: Using external profiler: VSPerf
[2018.02.22-16.20.39:253][  0]LogContentStreaming: Texture pool size now 1000 MB
[2018.02.22-16.20.39:630][  2]LogAssetRegistry: Asset discovery search completed in 43.9560 seconds
[2018.02.22-16.20.39:633][  2]LogCollectionManager: Rebuilt the object cache for 0 collections in 0.000001 seconds (found 0 objects)
[2018.02.22-16.20.39:633][  2]LogCollectionManager: Fixed up redirectors for 0 collections in 0.000068 seconds (updated 0 objects)
[2018.02.22-16.22.10:293][402]LogTemp: Repeating last play command: Selected Viewport
[2018.02.22-16.22.10:525][402]LogBlueprintUserMessages: Early PlayInEditor Detection: Level '/Game/VRProject.VRProject:PersistentLevel' has LevelScriptBlueprint '/Game/VRProject.VRProject:PersistentLevel.VRProject' with GeneratedClass '/Game/VRProject.VRProject_C' with ClassGeneratedBy '/Game/VRProject.VRProject:PersistentLevel.VRProject'
[2018.02.22-16.22.10:533][402]LogPlayLevel: PlayLevel: No blueprints needed recompiling
[2018.02.22-16.22.10:598][402]PIE: New page: PIE session: VRProject (Feb 22, 2018, 6:22:10 PM)
[2018.02.22-16.22.10:616][402]LogPlayLevel: Creating play world package: /Game/UEDPIE_0_VRProject
[2018.02.22-16.22.10:692][402]LogPlayLevel: PIE: StaticDuplicateObject took: (0.076535s)
[2018.02.22-16.22.10:693][402]LogAIModule: Creating AISystem for world VRProject
[2018.02.22-16.22.10:693][402]LogPlayLevel: PIE: World Init took: (0.000819s)
[2018.02.22-16.22.10:710][402]LogPlayLevel: PIE: Created PIE world by copying editor world from /Game/VRProject.VRProject to /Game/UEDPIE_0_VRProject.VRProject (0.095312s)
[2018.02.22-16.22.10:764][402]LogInit: XAudio2 using 'Głośniki (Realtek High Definition Audio)' : 2 channels at 48 kHz using 32 bits per sample (channel mask 0x3)
[2018.02.22-16.22.10:779][402]LogInit: FAudioDevice initialized.
[2018.02.22-16.22.10:924][402]LogLoad: Game class is 'FirstPersonGameMode_C'
[2018.02.22-16.22.11:123][402]LogWorld: Bringing World /Game/UEDPIE_0_VRProject.VRProject up for play (max tick rate 0) at 2018.02.22-17.22.11
[2018.02.22-16.22.11:198][402]LogWorld: Bringing up level for play took: 0.089231
[2018.02.22-16.22.11:447][402]LogContentBrowser: Native class hierarchy updated for 'MovieSceneCapture' in 0.0009 seconds. Added 11 classes and 0 folders.
[2018.02.22-16.22.11:623][402]PIE: Play in editor start time for /Game/UEDPIE_0_VRProject 0.39
[2018.02.22-16.22.11:623][402]LogBlueprintUserMessages: Late PlayInEditor Detection: Level '/Game/VRProject.VRProject:PersistentLevel' has LevelScriptBlueprint '/Game/VRProject.VRProject:PersistentLevel.VRProject' with GeneratedClass '/Game/VRProject.VRProject_C' with ClassGeneratedBy '/Game/VRProject.VRProject:PersistentLevel.VRProject'
[2018.02.22-16.24.34:823][497]LogBlueprintUserMessages: Early EndPlayMap Detection: Level '/Game/VRProject.VRProject:PersistentLevel' has LevelScriptBlueprint '/Game/VRProject.VRProject:PersistentLevel.VRProject' with GeneratedClass '/Game/VRProject.VRProject_C' with ClassGeneratedBy '/Game/VRProject.VRProject:PersistentLevel.VRProject'
[2018.02.22-16.24.35:092][497]LogBlueprintUserMessages: Late EndPlayMap Detection: Level '/Game/VRProject.VRProject:PersistentLevel' has LevelScriptBlueprint '/Game/VRProject.VRProject:PersistentLevel.VRProject' with GeneratedClass '/Game/VRProject.VRProject_C' with ClassGeneratedBy '/Game/VRProject.VRProject:PersistentLevel.VRProject'
[2018.02.22-16.25.27:433][223]LogWindowsTextInputMethodSystem: Display: IME system now deactivated.
[2018.02.22-16.25.27:762][224]Cmd: QUIT_EDITOR
[2018.02.22-16.25.27:890][224]LogExit: Preparing to exit.
[2018.02.22-16.25.28:577][224]LogExit: Editor shut down
[2018.02.22-16.25.28:583][224]LogExit: Transaction tracking system shut down
[2018.02.22-16.25.28:820][224]LogDirectoryWatcher: A directory notification for '../../../Engine/Content/' was aborted.
[2018.02.22-16.25.28:820][224]LogDirectoryWatcher: A directory notification for 'C:/Users/Zbajchu/Documents/GitHub/VR/Content/' was aborted.
[2018.02.22-16.25.28:820][224]LogDirectoryWatcher: A directory notification for '../../../Engine/Plugins/2D/Paper2D/Content/' was aborted.
[2018.02.22-16.25.28:820][224]LogDirectoryWatcher: A directory notification for '../../../Engine/Plugins/Runtime/Oculus/OculusVR/Content/' was aborted.
[2018.02.22-16.25.28:820][224]LogDirectoryWatcher: A directory notification for '../../../Engine/Plugins/Runtime/Steam/SteamVR/Content/' was aborted.
[2018.02.22-16.25.28:873][224]LogExit: Object subsystem successfully closed.
[2018.02.22-16.25.28:912][224]LogD3D11RHI: Shutdown
[2018.02.22-16.25.28:912][224]LogD3D11RHI: CleanupD3DDevice
[2018.02.22-16.25.29:033][224]LogD3D11RHI: ~FD3D11DynamicRHI
[2018.02.22-16.25.29:045][224]LogModuleManager: Shutting down and abandoning module MovieSceneCapture (532)
[2018.02.22-16.25.29:045][224]LogModuleManager: Shutting down and abandoning module HierarchicalLODOutliner (530)
[2018.02.22-16.25.29:045][224]LogModuleManager: Shutting down and abandoning module SceneOutliner (528)
[2018.02.22-16.25.29:045][224]LogModuleManager: Shutting down and abandoning module AddContentDialog (526)
[2018.02.22-16.25.29:045][224]LogDirectoryWatcher: A directory notification for 'G:/Programy/UE_4.17/FeaturePacks/' was aborted.
[2018.02.22-16.25.29:046][224]LogModuleManager: Shutting down and abandoning module WidgetCarousel (525)
[2018.02.22-16.25.29:046][224]LogModuleManager: Shutting down and abandoning module EditorWidgets (522)
[2018.02.22-16.25.29:046][224]LogModuleManager: Shutting down and abandoning module CollectionManager (520)
[2018.02.22-16.25.29:047][224]LogDirectoryWatcher: A directory notification for 'C:/Users/Zbajchu/Documents/GitHub/VR/Content/Collections/' was aborted.
[2018.02.22-16.25.29:047][224]LogDirectoryWatcher: A directory notification for 'C:/Users/Zbajchu/Documents/GitHub/VR/Content/Developers/Zbajchu/Collections/' was aborted.
[2018.02.22-16.25.29:047][224]LogDirectoryWatcher: A directory notification for 'C:/Users/Zbajchu/Documents/GitHub/VR/Saved/Collections/' was aborted.
[2018.02.22-16.25.29:047][224]LogModuleManager: Shutting down and abandoning module StatsViewer (518)
[2018.02.22-16.25.29:047][224]LogModuleManager: Shutting down and abandoning module FoliageEdit (516)
[2018.02.22-16.25.29:047][224]LogModuleManager: Shutting down and abandoning module LandscapeEditor (514)
[2018.02.22-16.25.29:047][224]LogModuleManager: Shutting down and abandoning module MeshPaintMode (512)
[2018.02.22-16.25.29:047][224]LogModuleManager: Shutting down and abandoning module SceneDepthPickerMode (510)
[2018.02.22-16.25.29:047][224]LogModuleManager: Shutting down and abandoning module ActorPickerMode (508)
[2018.02.22-16.25.29:047][224]LogModuleManager: Shutting down and abandoning module GeometryMode (506)
[2018.02.22-16.25.29:047][224]LogModuleManager: Shutting down and abandoning module TextureAlignMode (504)
[2018.02.22-16.25.29:047][224]LogModuleManager: Shutting down and abandoning module BspMode (502)
[2018.02.22-16.25.29:047][224]LogModuleManager: Shutting down and abandoning module PIEPreviewDeviceProfileSelector (500)
[2018.02.22-16.25.29:047][224]LogModuleManager: Shutting down and abandoning module HardwareSurvey (498)
[2018.02.22-16.25.29:047][224]LogModuleManager: Shutting down and abandoning module SequenceRecorderSections (496)
[2018.02.22-16.25.29:047][224]LogModuleManager: Shutting down and abandoning module AutomationWorker (494)
[2018.02.22-16.25.29:047][224]LogModuleManager: Shutting down and abandoning module MatineeToLevelSequence (492)
[2018.02.22-16.25.29:047][224]LogModuleManager: Shutting down and abandoning module LevelSequenceEditor (490)
[2018.02.22-16.25.29:048][224]LogModuleManager: Shutting down and abandoning module PlacementMode (489)
[2018.02.22-16.25.29:048][224]LogModuleManager: Shutting down and abandoning module WmfMediaFactory (486)
[2018.02.22-16.25.29:048][224]LogModuleManager: Shutting down and abandoning module WmfMediaEditor (484)
[2018.02.22-16.25.29:048][224]LogModuleManager: Shutting down and abandoning module AvfMediaFactory (482)
[2018.02.22-16.25.29:048][224]LogModuleManager: Shutting down and abandoning module AvfMediaEditor (480)
[2018.02.22-16.25.29:048][224]LogModuleManager: Shutting down and abandoning module AndroidMediaFactory (478)
[2018.02.22-16.25.29:048][224]LogModuleManager: Shutting down and abandoning module Media (477)
[2018.02.22-16.25.29:048][224]LogModuleManager: Shutting down and abandoning module AndroidMediaEditor (474)
[2018.02.22-16.25.29:048][224]LogModuleManager: Shutting down and abandoning module CharacterAI (472)
[2018.02.22-16.25.29:048][224]LogModuleManager: Shutting down and abandoning module AudioCapture (470)
[2018.02.22-16.25.29:048][224]LogModuleManager: Shutting down and abandoning module SequenceRecorder (469)
[2018.02.22-16.25.29:048][224]LogModuleManager: Shutting down and abandoning module SmartSnapping (466)
[2018.02.22-16.25.29:048][224]LogModuleManager: Shutting down and abandoning module SessionServices (464)
[2018.02.22-16.25.29:048][224]LogModuleManager: Shutting down and abandoning module ViewportSnapping (462)
[2018.02.22-16.25.29:048][224]LogModuleManager: Shutting down and abandoning module ViewportInteraction (460)
[2018.02.22-16.25.29:048][224]LogModuleManager: Shutting down and abandoning module ClothPainter (458)
[2018.02.22-16.25.29:048][224]LogModuleManager: Shutting down and abandoning module LogVisualizer (456)
[2018.02.22-16.25.29:048][224]LogModuleManager: Shutting down and abandoning module IntroTutorials (454)
[2018.02.22-16.25.29:048][224]LogModuleManager: Shutting down and abandoning module GameProjectGeneration (453)
[2018.02.22-16.25.29:048][224]LogModuleManager: Shutting down and abandoning module IOSPlatformEditor (450)
[2018.02.22-16.25.29:048][224]LogModuleManager: Shutting down and abandoning module HTML5PlatformEditor (448)
[2018.02.22-16.25.29:048][224]LogModuleManager: Shutting down and abandoning module AndroidPlatformEditor (446)
[2018.02.22-16.25.29:048][224]LogModuleManager: Shutting down and abandoning module AndroidDeviceDetection (445)
[2018.02.22-16.25.29:497][224]LogModuleManager: Shutting down and abandoning module WindowsPlatformEditor (442)
[2018.02.22-16.25.29:497][224]LogModuleManager: Shutting down and abandoning module IOSRuntimeSettings (440)
[2018.02.22-16.25.29:497][224]LogModuleManager: Shutting down and abandoning module AndroidRuntimeSettings (438)
[2018.02.22-16.25.29:497][224]LogModuleManager: Shutting down and abandoning module InputBindingEditor (436)
[2018.02.22-16.25.29:497][224]LogModuleManager: Shutting down and abandoning module MergeActors (434)
[2018.02.22-16.25.29:497][224]LogModuleManager: Shutting down and abandoning module SizeMap (432)
[2018.02.22-16.25.29:498][224]LogModuleManager: Shutting down and abandoning module TreeMap (430)
[2018.02.22-16.25.29:498][224]LogModuleManager: Shutting down and abandoning module ReferenceViewer (428)
[2018.02.22-16.25.29:498][224]LogModuleManager: Shutting down and abandoning module LocalizationDashboard (426)
[2018.02.22-16.25.29:498][224]LogModuleManager: Shutting down and abandoning module LocalizationService (425)
[2018.02.22-16.25.29:498][224]LogModuleManager: Shutting down and abandoning module HardwareTargeting (422)
[2018.02.22-16.25.29:498][224]LogModuleManager: Shutting down and abandoning module DeviceProfileEditor (420)
[2018.02.22-16.25.29:498][224]LogModuleManager: Shutting down and abandoning module UndoHistory (418)
[2018.02.22-16.25.29:498][224]LogModuleManager: Shutting down and abandoning module XmlParser (416)
[2018.02.22-16.25.29:498][224]LogModuleManager: Shutting down and abandoning module Blutility (414)
[2018.02.22-16.25.29:498][224]LogModuleManager: Shutting down and abandoning module ProjectSettingsViewer (412)
[2018.02.22-16.25.29:498][224]LogModuleManager: Shutting down and abandoning module ProjectTargetPlatformEditor (411)
[2018.02.22-16.25.29:498][224]LogModuleManager: Shutting down and abandoning module EditorSettingsViewer (408)
[2018.02.22-16.25.29:498][224]LogModuleManager: Shutting down and abandoning module SettingsEditor (406)
[2018.02.22-16.25.29:498][224]LogModuleManager: Shutting down and abandoning module ProjectLauncher (404)
[2018.02.22-16.25.29:498][224]LogModuleManager: Shutting down and abandoning module SessionFrontend (402)
[2018.02.22-16.25.29:498][224]LogModuleManager: Shutting down and abandoning module ProfilerClient (400)
[2018.02.22-16.25.29:498][224]LogModuleManager: Shutting down and abandoning module DeviceManager (398)
[2018.02.22-16.25.29:498][224]LogModuleManager: Shutting down and abandoning module TargetDeviceServices (397)
[2018.02.22-16.25.29:550][224]LogModuleManager: Shutting down and abandoning module AutomationController (394)
[2018.02.22-16.25.29:550][224]LogModuleManager: Shutting down and abandoning module AutomationWindow (392)
[2018.02.22-16.25.29:550][224]LogModuleManager: Shutting down and abandoning module Layers (390)
[2018.02.22-16.25.29:550][224]LogModuleManager: Shutting down and abandoning module ComponentVisualizers (388)
[2018.02.22-16.25.29:550][224]LogModuleManager: Shutting down and abandoning module DetailCustomizations (386)
[2018.02.22-16.25.29:550][224]LogModuleManager: Shutting down and abandoning module PackagesDialog (384)
[2018.02.22-16.25.29:550][224]LogModuleManager: Shutting down and abandoning module Persona (382)
[2018.02.22-16.25.29:550][224]LogModuleManager: Shutting down and abandoning module AdvancedPreviewScene (381)
[2018.02.22-16.25.29:550][224]LogModuleManager: Shutting down and abandoning module AnimGraph (379)
[2018.02.22-16.25.29:550][224]LogModuleManager: Shutting down and abandoning module Kismet (376)
[2018.02.22-16.25.29:551][224]LogModuleManager: Shutting down and abandoning module ClassViewer (374)
[2018.02.22-16.25.29:551][224]LogModuleManager: Shutting down and abandoning module Toolbox (372)
[2018.02.22-16.25.29:551][224]LogModuleManager: Shutting down and abandoning module ModuleUI (370)
[2018.02.22-16.25.29:552][224]LogModuleManager: Shutting down and abandoning module MovieSceneTools (368)
[2018.02.22-16.25.29:552][224]LogModuleManager: Shutting down and abandoning module OutputLog (366)
[2018.02.22-16.25.29:552][224]LogModuleManager: Shutting down and abandoning module GammaUI (364)
[2018.02.22-16.25.29:552][224]LogModuleManager: Shutting down and abandoning module Documentation (362)
[2018.02.22-16.25.29:552][224]LogModuleManager: Shutting down and abandoning module MovieSceneTracks (360)
[2018.02.22-16.25.29:552][224]LogModuleManager: Shutting down and abandoning module MovieScene (358)
[2018.02.22-16.25.29:552][224]LogModuleManager: Shutting down and abandoning module Niagara (356)
[2018.02.22-16.25.29:552][224]LogModuleManager: Shutting down and abandoning module NiagaraEditor (355)
[2018.02.22-16.25.29:552][224]LogModuleManager: Shutting down and abandoning module StreamingPauseRendering (352)
[2018.02.22-16.25.29:552][224]LogModuleManager: Shutting down and abandoning module LauncherPlatform (350)
[2018.02.22-16.25.29:552][224]LogModuleManager: Shutting down and abandoning module AnalyticsET (348)
[2018.02.22-16.25.29:552][224]LogModuleManager: Shutting down and abandoning module PortalServices (346)
[2018.02.22-16.25.29:552][224]LogModuleManager: Shutting down and abandoning module PortalRpc (344)
[2018.02.22-16.25.29:552][224]LogModuleManager: Shutting down and abandoning module MessagingRpc (342)
[2018.02.22-16.25.29:552][224]LogModuleManager: Shutting down and abandoning module AIModule (340)
[2018.02.22-16.25.29:552][224]LogModuleManager: Shutting down and abandoning module GameplayDebugger (339)
[2018.02.22-16.25.29:552][224]LogModuleManager: Shutting down and abandoning module AITestSuite (337)
[2018.02.22-16.25.29:552][224]LogModuleManager: Shutting down and abandoning module ProfilerService (334)
[2018.02.22-16.25.29:673][224]LogModuleManager: Shutting down and abandoning module TaskGraph (332)
[2018.02.22-16.25.29:673][224]LogModuleManager: Shutting down and abandoning module SteamVRController (330)
[2018.02.22-16.25.29:673][224]LogModuleManager: Shutting down and abandoning module ProceduralMeshComponentEditor (328)
[2018.02.22-16.25.29:673][224]LogModuleManager: Shutting down and abandoning module ProceduralMeshComponent (326)
[2018.02.22-16.25.29:673][224]LogModuleManager: Shutting down and abandoning module OculusInput (324)
[2018.02.22-16.25.29:673][224]LogModuleManager: Shutting down and abandoning module MobilePatchingUtils (322)
[2018.02.22-16.25.29:673][224]LogModuleManager: Shutting down and abandoning module CustomMeshComponent (320)
[2018.02.22-16.25.29:673][224]LogModuleManager: Shutting down and abandoning module CableComponent (318)
[2018.02.22-16.25.29:673][224]LogModuleManager: Shutting down and abandoning module ArchVisCharacter (316)
[2018.02.22-16.25.29:673][224]LogModuleManager: Shutting down and abandoning module AndroidPermission (314)
[2018.02.22-16.25.29:673][224]LogModuleManager: Shutting down and abandoning module MediaPlayerEditor (310)
[2018.02.22-16.25.29:673][224]LogModuleManager: Shutting down and abandoning module HTML5Networking (308)
[2018.02.22-16.25.29:673][224]LogModuleManager: Shutting down and abandoning module AlembicImporter (306)
[2018.02.22-16.25.29:673][224]LogModuleManager: Shutting down and abandoning module AlembicLibrary (305)
[2018.02.22-16.25.29:673][224]LogModuleManager: Shutting down and abandoning module GeometryCache (304)
[2018.02.22-16.25.29:673][224]LogModuleManager: Shutting down and abandoning module GeometryCacheEd (303)
[2018.02.22-16.25.29:673][224]LogModuleManager: Shutting down and abandoning module SpeedTreeImporter (298)
[2018.02.22-16.25.29:673][224]LogModuleManager: Shutting down and abandoning module PluginBrowser (296)
[2018.02.22-16.25.29:673][224]LogModuleManager: Shutting down and abandoning module MobileLauncherProfileWizard (294)
[2018.02.22-16.25.29:673][224]LogModuleManager: Shutting down and abandoning module VisualStudioSourceCodeAccess (292)
[2018.02.22-16.25.29:673][224]LogModuleManager: Shutting down and abandoning module DesktopPlatform (291)
[2018.02.22-16.25.29:673][224]LogModuleManager: Shutting down and abandoning module UObjectPlugin (288)
[2018.02.22-16.25.29:673][224]LogModuleManager: Shutting down and abandoning module SubversionSourceControl (286)
[2018.02.22-16.25.29:674][224]LogModuleManager: Shutting down and abandoning module PerforceSourceControl (284)
[2018.02.22-16.25.29:674][224]LogModuleManager: Shutting down and abandoning module GitSourceControl (282)
[2018.02.22-16.25.29:674][224]LogModuleManager: Shutting down and abandoning module SourceControl (281)
[2018.02.22-16.25.29:674][224]LogModuleManager: Shutting down and abandoning module LightPropagationVolumeEditor (278)
[2018.02.22-16.25.29:674][224]LogModuleManager: Shutting down and abandoning module PaperTiledImporter (276)
[2018.02.22-16.25.29:674][224]LogModuleManager: Shutting down and abandoning module PaperSpriteSheetImporter (274)
[2018.02.22-16.25.29:674][224]LogModuleManager: Shutting down and abandoning module Paper2DEditor (272)
[2018.02.22-16.25.29:674][224]LogModuleManager: Shutting down and abandoning module MeshPaint (271)
[2018.02.22-16.25.29:674][224]LogModuleManager: Shutting down and abandoning module LevelEditor (269)
[2018.02.22-16.25.29:674][224]LogModuleManager: Shutting down and abandoning module PixelInspectorModule (268)
[2018.02.22-16.25.29:675][224]LogModuleManager: Shutting down and abandoning module MainFrame (266)
[2018.02.22-16.25.29:675][224]LogModuleManager: Shutting down and abandoning module HotReload (265)
[2018.02.22-16.25.29:675][224]LogModuleManager: Shutting down and abandoning module RuntimePhysXCooking (260)
[2018.02.22-16.25.29:675][224]LogModuleManager: Shutting down and abandoning module PhysXVehiclesEditor (258)
[2018.02.22-16.25.29:675][224]LogModuleManager: Shutting down and abandoning module PhysXVehicles (256)
[2018.02.22-16.25.29:675][224]LogModuleManager: Shutting down and abandoning module OculusEditor (254)
[2018.02.22-16.25.29:675][224]LogModuleManager: Shutting down and abandoning module LocationServicesBPLibrary (252)
[2018.02.22-16.25.29:675][224]LogModuleManager: Shutting down and abandoning module ImmediatePhysicsEditor (250)
[2018.02.22-16.25.29:675][224]LogModuleManager: Shutting down and abandoning module ImmediatePhysics (248)
[2018.02.22-16.25.29:675][224]LogModuleManager: Shutting down and abandoning module UdpMessaging (246)
[2018.02.22-16.25.29:776][224]LogModuleManager: Shutting down and abandoning module TcpMessaging (244)
[2018.02.22-16.25.29:876][224]LogModuleManager: Shutting down and abandoning module GameplayTagsEditor (242)
[2018.02.22-16.25.29:876][224]LogModuleManager: Shutting down and abandoning module FacialAnimationEditor (240)
[2018.02.22-16.25.29:876][224]LogModuleManager: Shutting down and abandoning module FacialAnimation (238)
[2018.02.22-16.25.29:876][224]LogModuleManager: Shutting down and abandoning module AssetManagerEditor (236)
[2018.02.22-16.25.29:876][224]LogModuleManager: Shutting down and abandoning module GraphEditor (235)
[2018.02.22-16.25.29:876][224]LogModuleManager: Shutting down and abandoning module ContentBrowser (233)
[2018.02.22-16.25.29:877][224]LogModuleManager: Shutting down and abandoning module LightPropagationVolumeRuntime (230)
[2018.02.22-16.25.29:877][224]LogModuleManager: Shutting down and abandoning module Paper2D (228)
[2018.02.22-16.25.29:877][224]LogModuleManager: Shutting down and abandoning module WindowsMoviePlayer (226)
[2018.02.22-16.25.29:877][224]LogModuleManager: Shutting down and abandoning module WmfMedia (224)
[2018.02.22-16.25.29:879][224]LogModuleManager: Shutting down and abandoning module PacketHandler (222)
[2018.02.22-16.25.29:879][224]LogModuleManager: Shutting down and abandoning module ClothingSystemEditor (220)
[2018.02.22-16.25.29:880][224]LogModuleManager: Shutting down and abandoning module ClothingSystemRuntime (218)
[2018.02.22-16.25.29:880][224]LogModuleManager: Shutting down and abandoning module Overlay (216)
[2018.02.22-16.25.29:880][224]LogModuleManager: Shutting down and abandoning module OverlayEditor (215)
[2018.02.22-16.25.29:880][224]LogModuleManager: Shutting down and abandoning module MediaAssets (212)
[2018.02.22-16.25.29:880][224]LogModuleManager: Shutting down and abandoning module VREditor (210)
[2018.02.22-16.25.29:880][224]LogModuleManager: Shutting down and abandoning module StringTableEditor (208)
[2018.02.22-16.25.29:880][224]LogModuleManager: Shutting down and abandoning module GameplayTasksEditor (206)
[2018.02.22-16.25.29:880][224]LogModuleManager: Shutting down and abandoning module BehaviorTreeEditor (204)
[2018.02.22-16.25.29:880][224]LogModuleManager: Shutting down and abandoning module FunctionalTesting (202)
[2018.02.22-16.25.29:880][224]LogModuleManager: Shutting down and abandoning module CollisionAnalyzer (200)
[2018.02.22-16.25.29:880][224]LogModuleManager: Shutting down and abandoning module WorkspaceMenuStructure (199)
[2018.02.22-16.25.29:880][224]LogModuleManager: Shutting down and abandoning module UMG (196)
[2018.02.22-16.25.29:880][224]LogModuleManager: Shutting down and abandoning module UMGEditor (195)
[2018.02.22-16.25.29:880][224]LogModuleManager: Shutting down and abandoning module Sequencer (194)
[2018.02.22-16.25.29:880][224]LogModuleManager: Shutting down and abandoning module MessageLog (191)
[2018.02.22-16.25.29:880][224]LogModuleManager: Shutting down and abandoning module SlateReflector (186)
[2018.02.22-16.25.29:880][224]LogModuleManager: Shutting down and abandoning module Slate (184)
[2018.02.22-16.25.29:880][224]LogModuleManager: Shutting down and abandoning module EditorStyle (182)
[2018.02.22-16.25.29:882][224]LogModuleManager: Shutting down and abandoning module MRMesh (180)
[2018.02.22-16.25.29:882][224]LogModuleManager: Shutting down and abandoning module SourceCodeAccess (178)
[2018.02.22-16.25.29:882][224]LogModuleManager: Shutting down and abandoning module HeadMountedDisplay (176)
[2018.02.22-16.25.29:882][224]LogModuleManager: Shutting down and abandoning module XAudio2 (174)
[2018.02.22-16.25.29:882][224]LogModuleManager: Shutting down and abandoning module Networking (172)
[2018.02.22-16.25.29:882][224]LogModuleManager: Shutting down and abandoning module Core (168)
[2018.02.22-16.25.29:882][224]LogModuleManager: Shutting down and abandoning module KismetCompiler (164)
[2018.02.22-16.25.29:882][224]LogModuleManager: Shutting down and abandoning module LevelSequence (162)
[2018.02.22-16.25.29:882][224]LogModuleManager: Shutting down and abandoning module MeshUtilities (160)
[2018.02.22-16.25.29:883][224]LogModuleManager: Shutting down and abandoning module MeshMergeUtilities (159)
[2018.02.22-16.25.29:883][224]LogModuleManager: Shutting down and abandoning module MeshReductionInterface (158)
[2018.02.22-16.25.29:883][224]LogModuleManager: Shutting down and abandoning module SimplygonSwarm (157)
[2018.02.22-16.25.29:883][224]LogModuleManager: Shutting down and abandoning module SimplygonMeshReduction (155)
[2018.02.22-16.25.29:883][224]LogModuleManager: Shutting down and abandoning module QuadricMeshReduction (153)
[2018.02.22-16.25.29:883][224]LogModuleManager: Shutting down and abandoning module MaterialBaking (149)
[2018.02.22-16.25.29:883][224]LogModuleManager: Shutting down and abandoning module DirectoryWatcher (146)
[2018.02.22-16.25.29:883][224]LogModuleManager: Shutting down and abandoning module DerivedDataCache (144)
[2018.02.22-16.25.29:954][224]LogDerivedDataCache: Shutdown
[2018.02.22-16.25.29:954][224]LogModuleManager: Shutting down and abandoning module TargetPlatform (142)
[2018.02.22-16.25.29:954][224]LogModuleManager: Shutting down and abandoning module VulkanShaderFormat (141)
[2018.02.22-16.25.29:954][224]LogModuleManager: Shutting down and abandoning module ShaderFormatVectorVM (139)
[2018.02.22-16.25.29:954][224]LogModuleManager: Shutting down and abandoning module ShaderFormatOpenGL (137)
[2018.02.22-16.25.29:954][224]LogModuleManager: Shutting down and abandoning module ShaderFormatD3D (135)
[2018.02.22-16.25.29:954][224]LogModuleManager: Shutting down and abandoning module MetalShaderFormat (133)
[2018.02.22-16.25.29:954][224]LogModuleManager: Shutting down and abandoning module TextureFormatUncompressed (131)
[2018.02.22-16.25.29:954][224]LogModuleManager: Shutting down and abandoning module TextureFormatPVR (129)
[2018.02.22-16.25.29:954][224]LogModuleManager: Shutting down and abandoning module TextureFormatDXT (127)
[2018.02.22-16.25.29:954][224]LogModuleManager: Shutting down and abandoning module TextureFormatIntelISPCTexComp (125)
[2018.02.22-16.25.29:954][224]LogModuleManager: Shutting down and abandoning module TextureFormatASTC (123)
[2018.02.22-16.25.29:954][224]LogModuleManager: Shutting down and abandoning module ImageWrapper (122)
[2018.02.22-16.25.29:954][224]LogModuleManager: Shutting down and abandoning module TextureFormatAndroid (119)
[2018.02.22-16.25.29:954][224]LogModuleManager: Shutting down and abandoning module AudioFormatOpus (117)
[2018.02.22-16.25.29:954][224]LogModuleManager: Shutting down and abandoning module AudioFormatOgg (115)
[2018.02.22-16.25.29:954][224]LogModuleManager: Shutting down and abandoning module AudioFormatADPCM (113)
[2018.02.22-16.25.29:955][224]LogModuleManager: Shutting down and abandoning module LinuxTargetPlatform (111)
[2018.02.22-16.25.29:955][224]LogModuleManager: Shutting down and abandoning module LinuxServerTargetPlatform (109)
[2018.02.22-16.25.29:955][224]LogModuleManager: Shutting down and abandoning module LinuxNoEditorTargetPlatform (107)
[2018.02.22-16.25.29:955][224]LogModuleManager: Shutting down and abandoning module LinuxClientTargetPlatform (105)
[2018.02.22-16.25.29:955][224]LogModuleManager: Shutting down and abandoning module TVOSTargetPlatform (103)
[2018.02.22-16.25.29:955][224]LogModuleManager: Shutting down and abandoning module Messaging (101)
[2018.02.22-16.25.29:955][224]LogModuleManager: Shutting down and abandoning module IOSTargetPlatform (99)
[2018.02.22-16.25.29:955][224]LogModuleManager: Shutting down and abandoning module HTML5TargetPlatform (97)
[2018.02.22-16.25.29:955][224]LogModuleManager: Shutting down and abandoning module Android_PVRTCTargetPlatform (95)
[2018.02.22-16.25.29:955][224]LogModuleManager: Shutting down and abandoning module Android_MultiTargetPlatform (93)
[2018.02.22-16.25.29:955][224]LogModuleManager: Shutting down and abandoning module Android_ETC2TargetPlatform (91)
[2018.02.22-16.25.29:955][224]LogModuleManager: Shutting down and abandoning module Android_ETC1TargetPlatform (89)
[2018.02.22-16.25.29:955][224]LogModuleManager: Shutting down and abandoning module Android_DXTTargetPlatform (87)
[2018.02.22-16.25.29:955][224]LogModuleManager: Shutting down and abandoning module Android_ATCTargetPlatform (85)
[2018.02.22-16.25.29:955][224]LogModuleManager: Shutting down and abandoning module Android_ASTCTargetPlatform (83)
[2018.02.22-16.25.29:955][224]LogModuleManager: Shutting down and abandoning module AndroidTargetPlatform (81)
[2018.02.22-16.25.29:955][224]LogModuleManager: Shutting down and abandoning module WindowsTargetPlatform (79)
[2018.02.22-16.25.29:955][224]LogModuleManager: Shutting down and abandoning module WindowsServerTargetPlatform (77)
[2018.02.22-16.25.29:955][224]LogModuleManager: Shutting down and abandoning module WindowsNoEditorTargetPlatform (75)
[2018.02.22-16.25.29:955][224]LogModuleManager: Shutting down and abandoning module WindowsClientTargetPlatform (73)
[2018.02.22-16.25.29:955][224]LogModuleManager: Shutting down and abandoning module MacTargetPlatform (71)
[2018.02.22-16.25.29:955][224]LogModuleManager: Shutting down and abandoning module MacServerTargetPlatform (69)
[2018.02.22-16.25.29:955][224]LogModuleManager: Shutting down and abandoning module MacNoEditorTargetPlatform (67)
[2018.02.22-16.25.29:955][224]LogModuleManager: Shutting down and abandoning module MacClientTargetPlatform (65)
[2018.02.22-16.25.29:955][224]LogModuleManager: Shutting down and abandoning module AllDesktopTargetPlatform (63)
[2018.02.22-16.25.29:955][224]LogModuleManager: Shutting down and abandoning module InputCore (60)
[2018.02.22-16.25.29:955][224]LogModuleManager: Shutting down and abandoning module Settings (58)
[2018.02.22-16.25.29:955][224]LogModuleManager: Shutting down and abandoning module PhysXCooking (56)
[2018.02.22-16.25.29:955][224]LogModuleManager: Shutting down and abandoning module SteamVR (54)
[2018.02.22-16.25.29:955][224]LogModuleManager: Shutting down and abandoning module OculusHMD (52)
[2018.02.22-16.25.29:955][224]LogModuleManager: Shutting down and abandoning module ExampleDeviceProfileSelector (50)
[2018.02.22-16.25.29:955][224]LogModuleManager: Shutting down and abandoning module OnlineBlueprintSupport (48)
[2018.02.22-16.25.29:955][224]LogModuleManager: Shutting down and abandoning module OnlineSubsystem (44)
[2018.02.22-16.25.29:955][224]LogOnline: Display: Unloading online subsystem: NULL
[2018.02.22-16.25.29:955][224]LogModuleManager: Shutting down and abandoning module XMPP (43)
[2018.02.22-16.25.29:955][224]LogModuleManager: Shutting down and abandoning module HTTP (41)
[2018.02.22-16.25.29:955][224]LogHttp: Display: Http module shutting down, but needs to wait on 1 outstanding Http requests:
[2018.02.22-16.25.29:955][224]LogHttp: Display: 	verb=[POST] url=[https://datarouter.ol.epicgames.com/datarouter/api/v1/public/data?SessionID=%7BA6967B5F-4FE9-05A1-6858-ECA804A3F9C3%7D&AppID=UEEditor.Rocket.Release&AppVersion=4.17.1-3586342%2B%2B%2BUE4%2BRelease-4.17&UserID=10a5f4ef40a679439c83d18f41cdf66c%7C7a0fd171ae034bc0b1ce59dbbffb71ee%7Ce2e0c3ca-b3ee-4382-a511-38f8aa77cfaf&AppEnvironment=datacollector-binary&UploadType=eteventstream] status=Processing
[2018.02.22-16.25.29:988][224]LogModuleManager: Shutting down and abandoning module SSL (40)
[2018.02.22-16.25.29:990][224]LogModuleManager: Shutting down and abandoning module AnimationModifiers (36)
[2018.02.22-16.25.29:990][224]LogModuleManager: Shutting down and abandoning module PropertyEditor (35)
[2018.02.22-16.25.29:990][224]LogModuleManager: Shutting down and abandoning module AudioEditor (32)
[2018.02.22-16.25.29:990][224]LogModuleManager: Shutting down and abandoning module TextureCompressor (30)
[2018.02.22-16.25.29:990][224]LogModuleManager: Shutting down and abandoning module ShaderCore (28)
[2018.02.22-16.25.29:990][224]LogModuleManager: Shutting down and abandoning module Landscape (26)
[2018.02.22-16.25.29:990][224]LogModuleManager: Shutting down and abandoning module SlateRHIRenderer (24)
[2018.02.22-16.25.29:990][224]LogModuleManager: Shutting down and abandoning module OpenGLDrv (22)
[2018.02.22-16.25.29:990][224]LogModuleManager: Shutting down and abandoning module D3D11RHI (20)
[2018.02.22-16.25.29:990][224]LogModuleManager: Shutting down and abandoning module AnimGraphRuntime (18)
[2018.02.22-16.25.29:990][224]LogModuleManager: Shutting down and abandoning module Renderer (16)
[2018.02.22-16.25.29:990][224]LogModuleManager: Shutting down and abandoning module Engine (14)
[2018.02.22-16.25.29:991][224]LogModuleManager: Shutting down and abandoning module CoreUObject (12)
[2018.02.22-16.25.29:991][224]LogModuleManager: Shutting down and abandoning module NetworkFile (10)
[2018.02.22-16.25.29:991][224]LogModuleManager: Shutting down and abandoning module CookedIterativeFile (8)
[2018.02.22-16.25.29:991][224]LogModuleManager: Shutting down and abandoning module StreamingFile (6)
[2018.02.22-16.25.29:991][224]LogModuleManager: Shutting down and abandoning module SandboxFile (4)
[2018.02.22-16.25.29:991][224]LogModuleManager: Shutting down and abandoning module PakFile (2)
[2018.02.22-16.25.29:994][224]LogExit: Exiting.
[2018.02.22-16.25.30:011][224]Log file closed, 02/22/18 17:25:30
